INFO: [VRFC 10-163] Analyzing VHDL file "D:/Spring2024Schoolwork/ECE385/ECE385-SP24-Final-Project/UrbanaMan/UrbanaMan.ip_user_files/bd/mb_block_i/ip/mb_block_i_microblaze_0_0/sim/mb_block_i_microblaze_0_0.vhd" into library xil_defaultlib
INFO: [VRFC 10-3107] analyzing entity 'mb_block_i_microblaze_0_0'
INFO: [VRFC 10-163] Analyzing VHDL file "D:/Spring2024Schoolwork/ECE385/ECE385-SP24-Final-Project/UrbanaMan/UrbanaMan.ip_user_files/bd/mb_block_i/ip/mb_block_i_dlmb_v10_0/sim/mb_block_i_dlmb_v10_0.vhd" into library xil_defaultlib
INFO: [VRFC 10-3107] analyzing entity 'mb_block_i_dlmb_v10_0'
INFO: [VRFC 10-163] Analyzing VHDL file "D:/Spring2024Schoolwork/ECE385/ECE385-SP24-Final-Project/UrbanaMan/UrbanaMan.ip_user_files/bd/mb_block_i/ip/mb_block_i_ilmb_v10_0/sim/mb_block_i_ilmb_v10_0.vhd" into library xil_defaultlib
INFO: [VRFC 10-3107] analyzing entity 'mb_block_i_ilmb_v10_0'
INFO: [VRFC 10-163] Analyzing VHDL file "D:/Spring2024Schoolwork/ECE385/ECE385-SP24-Final-Project/UrbanaMan/UrbanaMan.ip_user_files/bd/mb_block_i/ip/mb_block_i_dlmb_bram_if_cntlr_0/sim/mb_block_i_dlmb_bram_if_cntlr_0.vhd" into library xil_defaultlib
INFO: [VRFC 10-3107] analyzing entity 'mb_block_i_dlmb_bram_if_cntlr_0'
INFO: [VRFC 10-163] Analyzing VHDL file "D:/Spring2024Schoolwork/ECE385/ECE385-SP24-Final-Project/UrbanaMan/UrbanaMan.ip_user_files/bd/mb_block_i/ip/mb_block_i_ilmb_bram_if_cntlr_0/sim/mb_block_i_ilmb_bram_if_cntlr_0.vhd" into library xil_defaultlib
INFO: [VRFC 10-3107] analyzing entity 'mb_block_i_ilmb_bram_if_cntlr_0'
INFO: [VRFC 10-163] Analyzing VHDL file "D:/Spring2024Schoolwork/ECE385/ECE385-SP24-Final-Project/UrbanaMan/UrbanaMan.ip_user_files/bd/mb_block_i/ip/mb_block_i_microblaze_0_axi_intc_0/sim/mb_block_i_microblaze_0_axi_intc_0.vhd" into library xil_defaultlib
INFO: [VRFC 10-3107] analyzing entity 'mb_block_i_microblaze_0_axi_intc_0'
INFO: [VRFC 10-163] Analyzing VHDL file "D:/Spring2024Schoolwork/ECE385/ECE385-SP24-Final-Project/UrbanaMan/UrbanaMan.ip_user_files/bd/mb_block_i/ip/mb_block_i_mdm_1_0/sim/mb_block_i_mdm_1_0.vhd" into library xil_defaultlib
INFO: [VRFC 10-3107] analyzing entity 'mb_block_i_mdm_1_0'
INFO: [VRFC 10-163] Analyzing VHDL file "D:/Spring2024Schoolwork/ECE385/ECE385-SP24-Final-Project/UrbanaMan/UrbanaMan.ip_user_files/bd/mb_block_i/ip/mb_block_i_rst_clk_wiz_1_100M_0/sim/mb_block_i_rst_clk_wiz_1_100M_0.vhd" into library xil_defaultlib
INFO: [VRFC 10-3107] analyzing entity 'mb_block_i_rst_clk_wiz_1_100M_0'
INFO: [VRFC 10-163] Analyzing VHDL file "D:/Spring2024Schoolwork/ECE385/ECE385-SP24-Final-Project/UrbanaMan/UrbanaMan.ip_user_files/bd/mb_block_i/ip/mb_block_i_axi_uartlite_0_0/sim/mb_block_i_axi_uartlite_0_0.vhd" into library xil_defaultlib
INFO: [VRFC 10-3107] analyzing entity 'mb_block_i_axi_uartlite_0_0'
INFO: [VRFC 10-163] Analyzing VHDL file "D:/Spring2024Schoolwork/ECE385/ECE385-SP24-Final-Project/UrbanaMan/UrbanaMan.ip_user_files/bd/mb_block_i/ip/mb_block_i_axi_gpio_0_0/sim/mb_block_i_axi_gpio_0_0.vhd" into library xil_defaultlib
INFO: [VRFC 10-3107] analyzing entity 'mb_block_i_axi_gpio_0_0'
INFO: [VRFC 10-163] Analyzing VHDL file "D:/Spring2024Schoolwork/ECE385/ECE385-SP24-Final-Project/UrbanaMan/UrbanaMan.ip_user_files/bd/mb_block_i/ip/mb_block_i_axi_gpio_0_1/sim/mb_block_i_axi_gpio_0_1.vhd" into library xil_defaultlib
INFO: [VRFC 10-3107] analyzing entity 'mb_block_i_axi_gpio_0_1'
INFO: [VRFC 10-163] Analyzing VHDL file "D:/Spring2024Schoolwork/ECE385/ECE385-SP24-Final-Project/UrbanaMan/UrbanaMan.ip_user_files/bd/mb_block_i/ip/mb_block_i_axi_gpio_0_2/sim/mb_block_i_axi_gpio_0_2.vhd" into library xil_defaultlib
INFO: [VRFC 10-3107] analyzing entity 'mb_block_i_axi_gpio_0_2'
INFO: [VRFC 10-163] Analyzing VHDL file "D:/Spring2024Schoolwork/ECE385/ECE385-SP24-Final-Project/UrbanaMan/UrbanaMan.ip_user_files/bd/mb_block_i/ip/mb_block_i_axi_timer_0_0/sim/mb_block_i_axi_timer_0_0.vhd" into library xil_defaultlib
INFO: [VRFC 10-3107] analyzing entity 'mb_block_i_axi_timer_0_0'
INFO: [VRFC 10-163] Analyzing VHDL file "D:/Spring2024Schoolwork/ECE385/ECE385-SP24-Final-Project/UrbanaMan/UrbanaMan.ip_user_files/bd/mb_block_i/ip/mb_block_i_axi_quad_spi_0_0/sim/mb_block_i_axi_quad_spi_0_0.vhd" into library xil_defaultlib
INFO: [VRFC 10-3107] analyzing entity 'mb_block_i_axi_quad_spi_0_0'
