Copyright 1986-2022 Xilinx, Inc. All Rights Reserved.
-------------------------------------------------------------------------------------------------------------------------------------------------------------
| Tool Version     : Vivado v.2022.2 (win64) Build 3671981 Fri Oct 14 05:00:03 MDT 2022
| Date             : Fri May  3 04:33:07 2024
| Host             : EvanSchool running 64-bit major release  (build 9200)
| Command          : report_power -file SNES_toplevel_power_routed.rpt -pb SNES_toplevel_power_summary_routed.pb -rpx SNES_toplevel_power_routed.rpx
| Design           : SNES_toplevel
| Device           : xc7s50csga324-1
| Design State     : routed
| Grade            : commercial
| Process          : typical
| Characterization : Production
-------------------------------------------------------------------------------------------------------------------------------------------------------------

Power Report

Table of Contents
-----------------
1. Summary
1.1 On-Chip Components
1.2 Power Supply Summary
1.3 Confidence Level
2. Settings
2.1 Environment
2.2 Clock Constraints
3. Detailed Reports
3.1 By Hierarchy

1. Summary
----------

+--------------------------+--------------+
| Total On-Chip Power (W)  | 1.094        |
| Design Power Budget (W)  | Unspecified* |
| Power Budget Margin (W)  | NA           |
| Dynamic (W)              | 1.015        |
| Device Static (W)        | 0.079        |
| Effective TJA (C/W)      | 4.9          |
| Max Ambient (C)          | 79.6         |
| Junction Temperature (C) | 30.4         |
| Confidence Level         | Low          |
| Setting File             | ---          |
| Simulation Activity File | ---          |
| Design Nets Matched      | NA           |
+--------------------------+--------------+
* Specify Design Power Budget using, set_operating_conditions -design_power_budget <value in Watts>


1.1 On-Chip Components
----------------------

+--------------------------+-----------+----------+-----------+-----------------+
| On-Chip                  | Power (W) | Used     | Available | Utilization (%) |
+--------------------------+-----------+----------+-----------+-----------------+
| Clocks                   |     0.052 |       29 |       --- |             --- |
| Slice Logic              |     0.025 |    34870 |       --- |             --- |
|   LUT as Logic           |     0.022 |    13246 |     32600 |           40.63 |
|   Register               |     0.001 |    13964 |     65200 |           21.42 |
|   CARRY4                 |    <0.001 |      493 |      8150 |            6.05 |
|   LUT as Distributed RAM |    <0.001 |      524 |      9600 |            5.46 |
|   F7/F8 Muxes            |    <0.001 |      186 |     32600 |            0.57 |
|   LUT as Shift Register  |    <0.001 |      744 |      9600 |            7.75 |
|   Others                 |    <0.001 |     1720 |       --- |             --- |
| Signals                  |     0.033 |    25855 |       --- |             --- |
| Block RAM                |     0.054 |       26 |        75 |           34.67 |
| MMCM                     |     0.205 |        2 |         5 |           40.00 |
| PLL                      |     0.116 |        1 |         5 |           20.00 |
| DSPs                     |     0.003 |        6 |       120 |            5.00 |
| I/O                      |     0.409 |       90 |       210 |           42.86 |
| PHASER                   |     0.113 |       14 |       --- |             --- |
| XADC                     |     0.004 |        1 |       --- |             --- |
| Static Power             |     0.079 |          |           |                 |
| Total                    |     1.094 |          |           |                 |
+--------------------------+-----------+----------+-----------+-----------------+


1.2 Power Supply Summary
------------------------

+-----------+-------------+-----------+-------------+------------+-------------+-------------+------------+
| Source    | Voltage (V) | Total (A) | Dynamic (A) | Static (A) | Powerup (A) | Budget (A)  | Margin (A) |
+-----------+-------------+-----------+-------------+------------+-------------+-------------+------------+
| Vccint    |       1.000 |     0.214 |       0.202 |      0.012 |       NA    | Unspecified | NA         |
| Vccaux    |       1.800 |     0.293 |       0.280 |      0.013 |       NA    | Unspecified | NA         |
| Vcco33    |       3.300 |     0.041 |       0.040 |      0.001 |       NA    | Unspecified | NA         |
| Vcco25    |       2.500 |     0.006 |       0.005 |      0.001 |       NA    | Unspecified | NA         |
| Vcco18    |       1.800 |     0.000 |       0.000 |      0.000 |       NA    | Unspecified | NA         |
| Vcco15    |       1.500 |     0.000 |       0.000 |      0.000 |       NA    | Unspecified | NA         |
| Vcco135   |       1.350 |     0.116 |       0.115 |      0.001 |       NA    | Unspecified | NA         |
| Vcco12    |       1.200 |     0.000 |       0.000 |      0.000 |       NA    | Unspecified | NA         |
| Vccaux_io |       1.800 |     0.000 |       0.000 |      0.000 |       NA    | Unspecified | NA         |
| Vccbram   |       1.000 |     0.005 |       0.004 |      0.001 |       NA    | Unspecified | NA         |
| Vccadc    |       1.800 |     0.022 |       0.002 |      0.020 |       NA    | Unspecified | NA         |
+-----------+-------------+-----------+-------------+------------+-------------+-------------+------------+


1.3 Confidence Level
--------------------

+-----------------------------+------------+--------------------------------------------------------+------------------------------------------------------------------------------------------------------------+
| User Input Data             | Confidence | Details                                                | Action                                                                                                     |
+-----------------------------+------------+--------------------------------------------------------+------------------------------------------------------------------------------------------------------------+
| Design implementation state | High       | Design is routed                                       |                                                                                                            |
| Clock nodes activity        | High       | User specified more than 95% of clocks                 |                                                                                                            |
| I/O nodes activity          | Low        | More than 75% of inputs are missing user specification | Provide missing input activity with simulation results or by editing the "By Resource Type -> I/Os" view   |
| Internal nodes activity     | Medium     | User specified less than 25% of internal nodes         | Provide missing internal nodes activity with simulation results or by editing the "By Resource Type" views |
| Device models               | High       | Device models are Production                           |                                                                                                            |
|                             |            |                                                        |                                                                                                            |
| Overall confidence level    | Low        |                                                        |                                                                                                            |
+-----------------------------+------------+--------------------------------------------------------+------------------------------------------------------------------------------------------------------------+


2. Settings
-----------

2.1 Environment
---------------

+-----------------------+--------------------------+
| Ambient Temp (C)      | 25.0                     |
| ThetaJA (C/W)         | 4.9                      |
| Airflow (LFM)         | 250                      |
| Heat Sink             | medium (Medium Profile)  |
| ThetaSA (C/W)         | 4.6                      |
| Board Selection       | medium (10"x10")         |
| # of Board Layers     | 12to15 (12 to 15 Layers) |
| Board Temperature (C) | 25.0                     |
+-----------------------+--------------------------+


2.2 Clock Constraints
---------------------

+-----------------------------------------------------------------------------------------------------------------------------------------------------------+----------------------------------------------------------------------------------------------------------------------------------------------------------------------------------------------------------------------------------+-----------------+
| Clock                                                                                                                                                     | Domain                                                                                                                                                                                                                           | Constraint (ns) |
+-----------------------------------------------------------------------------------------------------------------------------------------------------------+----------------------------------------------------------------------------------------------------------------------------------------------------------------------------------------------------------------------------------+-----------------+
| SYS_CLK_clk_p                                                                                                                                             | SYS_CLK_clk_p                                                                                                                                                                                                                    |             9.8 |
| clk_out1_clk_wiz_0                                                                                                                                        | main/clk_wiz/inst/clk_out1_clk_wiz_0                                                                                                                                                                                             |            40.0 |
| clk_out2_clk_wiz_0                                                                                                                                        | main/clk_wiz/inst/clk_out2_clk_wiz_0                                                                                                                                                                                             |             8.0 |
| clk_pll_i                                                                                                                                                 | snesblaze/mig_7series_0/u_snes_block_mig_7series_0_1_mig/u_ddr3_infrastructure/clk_pll_i                                                                                                                                         |            12.0 |
| clkfbout_clk_wiz_0                                                                                                                                        | main/clk_wiz/inst/clkfbout_clk_wiz_0                                                                                                                                                                                             |            10.0 |
| freq_refclk                                                                                                                                               | snesblaze/mig_7series_0/u_snes_block_mig_7series_0_1_mig/u_ddr3_infrastructure/freq_refclk                                                                                                                                       |             1.5 |
| iserdes_clkdiv                                                                                                                                            | snesblaze/mig_7series_0/u_snes_block_mig_7series_0_1_mig/u_memc_ui_top_axi/mem_intfc0/ddr_phy_top0/u_ddr_mc_phy_wrapper/u_ddr_mc_phy/ddr_phy_4lanes_0.u_ddr_phy_4lanes/ddr_byte_lane_C.ddr_byte_lane_C/iserdes_clkdiv            |            12.0 |
| iserdes_clkdiv_1                                                                                                                                          | snesblaze/mig_7series_0/u_snes_block_mig_7series_0_1_mig/u_memc_ui_top_axi/mem_intfc0/ddr_phy_top0/u_ddr_mc_phy_wrapper/u_ddr_mc_phy/ddr_phy_4lanes_0.u_ddr_phy_4lanes/ddr_byte_lane_D.ddr_byte_lane_D/iserdes_clkdiv            |            12.0 |
| main/clk_wiz/inst/clk_in1                                                                                                                                 | clk_100MHz_IBUF                                                                                                                                                                                                                  |            10.0 |
| mem_refclk                                                                                                                                                | snesblaze/mig_7series_0/u_snes_block_mig_7series_0_1_mig/u_ddr3_infrastructure/mem_refclk                                                                                                                                        |             3.0 |
| mmcm_clkout0                                                                                                                                              | snesblaze/mig_7series_0/u_snes_block_mig_7series_0_1_mig/u_ddr3_infrastructure/mmcm_clkout0                                                                                                                                      |             5.1 |
| oserdes_clk                                                                                                                                               | snesblaze/mig_7series_0/u_snes_block_mig_7series_0_1_mig/u_memc_ui_top_axi/mem_intfc0/ddr_phy_top0/u_ddr_mc_phy_wrapper/u_ddr_mc_phy/ddr_phy_4lanes_0.u_ddr_phy_4lanes/ddr_byte_lane_A.ddr_byte_lane_A/oserdes_clk               |             3.0 |
| oserdes_clk_1                                                                                                                                             | snesblaze/mig_7series_0/u_snes_block_mig_7series_0_1_mig/u_memc_ui_top_axi/mem_intfc0/ddr_phy_top0/u_ddr_mc_phy_wrapper/u_ddr_mc_phy/ddr_phy_4lanes_0.u_ddr_phy_4lanes/ddr_byte_lane_B.ddr_byte_lane_B/oserdes_clk               |             3.0 |
| oserdes_clk_2                                                                                                                                             | snesblaze/mig_7series_0/u_snes_block_mig_7series_0_1_mig/u_memc_ui_top_axi/mem_intfc0/ddr_phy_top0/u_ddr_mc_phy_wrapper/u_ddr_mc_phy/ddr_phy_4lanes_0.u_ddr_phy_4lanes/ddr_byte_lane_C.ddr_byte_lane_C/oserdes_clk               |             3.0 |
| oserdes_clk_3                                                                                                                                             | snesblaze/mig_7series_0/u_snes_block_mig_7series_0_1_mig/u_memc_ui_top_axi/mem_intfc0/ddr_phy_top0/u_ddr_mc_phy_wrapper/u_ddr_mc_phy/ddr_phy_4lanes_0.u_ddr_phy_4lanes/ddr_byte_lane_D.ddr_byte_lane_D/oserdes_clk               |             3.0 |
| oserdes_clkdiv                                                                                                                                            | snesblaze/mig_7series_0/u_snes_block_mig_7series_0_1_mig/u_memc_ui_top_axi/mem_intfc0/ddr_phy_top0/u_ddr_mc_phy_wrapper/u_ddr_mc_phy/ddr_phy_4lanes_0.u_ddr_phy_4lanes/ddr_byte_lane_A.ddr_byte_lane_A/oserdes_clkdiv            |            12.0 |
| oserdes_clkdiv_1                                                                                                                                          | snesblaze/mig_7series_0/u_snes_block_mig_7series_0_1_mig/u_memc_ui_top_axi/mem_intfc0/ddr_phy_top0/u_ddr_mc_phy_wrapper/u_ddr_mc_phy/ddr_phy_4lanes_0.u_ddr_phy_4lanes/ddr_byte_lane_B.ddr_byte_lane_B/oserdes_clkdiv            |            12.0 |
| oserdes_clkdiv_2                                                                                                                                          | snesblaze/mig_7series_0/u_snes_block_mig_7series_0_1_mig/u_memc_ui_top_axi/mem_intfc0/ddr_phy_top0/u_ddr_mc_phy_wrapper/u_ddr_mc_phy/ddr_phy_4lanes_0.u_ddr_phy_4lanes/ddr_byte_lane_C.ddr_byte_lane_C/oserdes_clkdiv            |             6.0 |
| oserdes_clkdiv_3                                                                                                                                          | snesblaze/mig_7series_0/u_snes_block_mig_7series_0_1_mig/u_memc_ui_top_axi/mem_intfc0/ddr_phy_top0/u_ddr_mc_phy_wrapper/u_ddr_mc_phy/ddr_phy_4lanes_0.u_ddr_phy_4lanes/ddr_byte_lane_D.ddr_byte_lane_D/oserdes_clkdiv            |             6.0 |
| pll_clk3_out                                                                                                                                              | snesblaze/mig_7series_0/u_snes_block_mig_7series_0_1_mig/u_ddr3_infrastructure/pll_clk3_out                                                                                                                                      |            12.0 |
| pll_clkfbout                                                                                                                                              | snesblaze/mig_7series_0/u_snes_block_mig_7series_0_1_mig/u_ddr3_infrastructure/pll_clkfbout                                                                                                                                      |             9.8 |
| snesblaze/mdm_1/U0/Use_E2.BSCAN_I/Use_E2.BSCANE2_I/DRCK                                                                                                   | snesblaze/mdm_1/U0/Use_E2.BSCAN_I/DRCK                                                                                                                                                                                           |            33.3 |
| snesblaze/mdm_1/U0/Use_E2.BSCAN_I/Use_E2.BSCANE2_I/UPDATE                                                                                                 | snesblaze/mdm_1/U0/Use_E2.BSCAN_I/Dbg_Update_0                                                                                                                                                                                   |            33.3 |
| sync_pulse                                                                                                                                                | snesblaze/mig_7series_0/u_snes_block_mig_7series_0_1_mig/u_ddr3_infrastructure/sync_pulse                                                                                                                                        |            48.0 |
| u_memc_ui_top_axi/mem_intfc0/ddr_phy_top0/u_ddr_mc_phy_wrapper/u_ddr_mc_phy/ddr_phy_4lanes_0.u_ddr_phy_4lanes/ddr_byte_lane_C.ddr_byte_lane_C/iserdes_clk | snesblaze/mig_7series_0/u_snes_block_mig_7series_0_1_mig/u_memc_ui_top_axi/mem_intfc0/ddr_phy_top0/u_ddr_mc_phy_wrapper/u_ddr_mc_phy/ddr_phy_4lanes_0.u_ddr_phy_4lanes/ddr_byte_lane_C.ddr_byte_lane_C/phaser_in_gen.phaser_in_0 |             3.0 |
| u_memc_ui_top_axi/mem_intfc0/ddr_phy_top0/u_ddr_mc_phy_wrapper/u_ddr_mc_phy/ddr_phy_4lanes_0.u_ddr_phy_4lanes/ddr_byte_lane_D.ddr_byte_lane_D/iserdes_clk | snesblaze/mig_7series_0/u_snes_block_mig_7series_0_1_mig/u_memc_ui_top_axi/mem_intfc0/ddr_phy_top0/u_ddr_mc_phy_wrapper/u_ddr_mc_phy/ddr_phy_4lanes_0.u_ddr_phy_4lanes/ddr_byte_lane_D.ddr_byte_lane_D/phaser_in_gen.phaser_in_0 |             3.0 |
+-----------------------------------------------------------------------------------------------------------------------------------------------------------+----------------------------------------------------------------------------------------------------------------------------------------------------------------------------------------------------------------------------------+-----------------+


3. Detailed Reports
-------------------

3.1 By Hierarchy
----------------

+----------------------------------------+-----------+
| Name                                   | Power (W) |
+----------------------------------------+-----------+
| SNES_toplevel                          |     1.015 |
|   HexA                                 |     0.002 |
|   main                                 |     0.238 |
|     clk_wiz                            |     0.106 |
|       inst                             |     0.106 |
|     vga_to_hdmi                        |     0.132 |
|       inst                             |     0.132 |
|   snesblaze                            |     0.762 |
|     axi_romaddr                        |     0.001 |
|       U0                               |     0.001 |
|     gpio_usb_keycode                   |     0.003 |
|       U0                               |     0.003 |
|     microblaze_0                       |     0.081 |
|       U0                               |     0.081 |
|     microblaze_0_axi_intc              |     0.001 |
|       U0                               |     0.001 |
|     microblaze_0_axi_periph            |     0.027 |
|       m00_couplers                     |     0.003 |
|       m02_couplers                     |     0.002 |
|       m03_couplers                     |     0.001 |
|       m04_couplers                     |     0.003 |
|       m05_couplers                     |     0.003 |
|       m06_couplers                     |     0.002 |
|       m07_couplers                     |     0.002 |
|       m08_couplers                     |     0.002 |
|       m09_couplers                     |     0.002 |
|       xbar                             |     0.007 |
|     microblaze_0_local_memory          |     0.002 |
|       lmb_bram                         |     0.002 |
|     mig_7series_0                      |     0.639 |
|       u_snes_block_mig_7series_0_1_mig |     0.639 |
|     spi_usb                            |     0.004 |
|       U0                               |     0.004 |
|     timer_usb_axi                      |     0.002 |
|       U0                               |     0.002 |
+----------------------------------------+-----------+


