#-----------------------------------------------------------
# Vivado v2022.2 (64-bit)
# SW Build 3671981 on Fri Oct 14 05:00:03 MDT 2022
# IP Build 3669848 on Fri Oct 14 08:30:02 MDT 2022
# Start of session at: Thu May  2 14:41:55 2024
# Process ID: 32304
# Current directory: C:/Users/sapph/OneDrive/Documents/GitHub/ECE385-SP24/Lab_6
# Command line: vivado.exe -gui_launcher_event rodinguilauncherevent29336 C:\Users\sapph\OneDrive\Documents\GitHub\ECE385-SP24\Lab_6\Lab 6.xpr
# Log file: C:/Users/sapph/OneDrive/Documents/GitHub/ECE385-SP24/Lab_6/vivado.log
# Journal file: C:/Users/sapph/OneDrive/Documents/GitHub/ECE385-SP24/Lab_6\vivado.jou
# Running On: EvanSchool, OS: Windows, CPU Frequency: 3110 MHz, CPU Physical cores: 12, Host memory: 16831 MB
#-----------------------------------------------------------
start_gui
open_project {C:/Users/sapph/OneDrive/Documents/GitHub/ECE385-SP24/Lab_6/Lab 6.xpr}
WARNING: [Board 49-26] cannot add Board Part xilinx.com:ac701:part0:1.4 available at C:/Xilinx/Vivado/2022.2/data/xhub/boards/XilinxBoardStore/boards/Xilinx/ac701/1.4/board.xml as part xc7a200tfbg676-2 specified in board_part file is either invalid or not available
WARNING: [Board 49-26] cannot add Board Part xilinx.com:k26c:part0:1.2 available at C:/Xilinx/Vivado/2022.2/data/xhub/boards/XilinxBoardStore/boards/Xilinx/k26c/1.2/board.xml as part xck26-sfvc784-2lv-c specified in board_part file is either invalid or not available
WARNING: [Board 49-26] cannot add Board Part xilinx.com:k26c:part0:1.3 available at C:/Xilinx/Vivado/2022.2/data/xhub/boards/XilinxBoardStore/boards/Xilinx/k26c/1.3/board.xml as part xck26-sfvc784-2lv-c specified in board_part file is either invalid or not available
WARNING: [Board 49-26] cannot add Board Part xilinx.com:k26c:part0:1.4 available at C:/Xilinx/Vivado/2022.2/data/xhub/boards/XilinxBoardStore/boards/Xilinx/k26c/1.4/board.xml as part xck26-sfvc784-2lv-c specified in board_part file is either invalid or not available
WARNING: [Board 49-26] cannot add Board Part xilinx.com:k26i:part0:1.2 available at C:/Xilinx/Vivado/2022.2/data/xhub/boards/XilinxBoardStore/boards/Xilinx/k26i/1.2/board.xml as part xck26-sfvc784-2lvi-i specified in board_part file is either invalid or not available
WARNING: [Board 49-26] cannot add Board Part xilinx.com:k26i:part0:1.3 available at C:/Xilinx/Vivado/2022.2/data/xhub/boards/XilinxBoardStore/boards/Xilinx/k26i/1.3/board.xml as part xck26-sfvc784-2lvi-i specified in board_part file is either invalid or not available
WARNING: [Board 49-26] cannot add Board Part xilinx.com:k26i:part0:1.4 available at C:/Xilinx/Vivado/2022.2/data/xhub/boards/XilinxBoardStore/boards/Xilinx/k26i/1.4/board.xml as part xck26-sfvc784-2lvi-i specified in board_part file is either invalid or not available
WARNING: [Board 49-26] cannot add Board Part xilinx.com:kc705:part0:1.6 available at C:/Xilinx/Vivado/2022.2/data/xhub/boards/XilinxBoardStore/boards/Xilinx/kc705/1.6/board.xml as part xc7k325tffg900-2 specified in board_part file is either invalid or not available
WARNING: [Board 49-26] cannot add Board Part xilinx.com:kcu105:part0:1.6 available at C:/Xilinx/Vivado/2022.2/data/xhub/boards/XilinxBoardStore/boards/Xilinx/kcu105/1.6/board.xml as part xcku040-ffva1156-2-e specified in board_part file is either invalid or not available
WARNING: [Board 49-26] cannot add Board Part xilinx.com:kcu105:part0:1.7 available at C:/Xilinx/Vivado/2022.2/data/xhub/boards/XilinxBoardStore/boards/Xilinx/kcu105/1.7/board.xml as part xcku040-ffva1156-2-e specified in board_part file is either invalid or not available
WARNING: [Board 49-26] cannot add Board Part xilinx.com:kcu116:part0:1.4 available at C:/Xilinx/Vivado/2022.2/data/xhub/boards/XilinxBoardStore/boards/Xilinx/kcu116/1.4/board.xml as part xcku5p-ffvb676-2-e specified in board_part file is either invalid or not available
WARNING: [Board 49-26] cannot add Board Part xilinx.com:kcu116:part0:1.5 available at C:/Xilinx/Vivado/2022.2/data/xhub/boards/XilinxBoardStore/boards/Xilinx/kcu116/1.5/board.xml as part xcku5p-ffvb676-2-e specified in board_part file is either invalid or not available
WARNING: [Board 49-26] cannot add Board Part xilinx.com:kcu1500:part0:1.2 available at C:/Xilinx/Vivado/2022.2/data/xhub/boards/XilinxBoardStore/boards/Xilinx/kcu1500/1.2/board.xml as part xcku115-flvb2104-2-e specified in board_part file is either invalid or not available
WARNING: [Board 49-26] cannot add Board Part xilinx.com:kr260_som:part0:1.0 available at C:/Xilinx/Vivado/2022.2/data/xhub/boards/XilinxBoardStore/boards/Xilinx/kr260_som/1.0/board.xml as part xck26-sfvc784-2lv-c specified in board_part file is either invalid or not available
WARNING: [Board 49-26] cannot add Board Part xilinx.com:kr260_som:part0:1.1 available at C:/Xilinx/Vivado/2022.2/data/xhub/boards/XilinxBoardStore/boards/Xilinx/kr260_som/1.1/board.xml as part xck26-sfvc784-2lv-c specified in board_part file is either invalid or not available
WARNING: [Board 49-26] cannot add Board Part xilinx.com:kv260_som:part0:1.2 available at C:/Xilinx/Vivado/2022.2/data/xhub/boards/XilinxBoardStore/boards/Xilinx/kv260_som/1.2/board.xml as part xck26-sfvc784-2lv-c specified in board_part file is either invalid or not available
WARNING: [Board 49-26] cannot add Board Part xilinx.com:kv260_som:part0:1.3 available at C:/Xilinx/Vivado/2022.2/data/xhub/boards/XilinxBoardStore/boards/Xilinx/kv260_som/1.3/board.xml as part xck26-sfvc784-2lv-c specified in board_part file is either invalid or not available
WARNING: [Board 49-26] cannot add Board Part xilinx.com:kv260_som:part0:1.4 available at C:/Xilinx/Vivado/2022.2/data/xhub/boards/XilinxBoardStore/boards/Xilinx/kv260_som/1.4/board.xml as part xck26-sfvc784-2lv-c specified in board_part file is either invalid or not available
WARNING: [Board 49-26] cannot add Board Part xilinx.com:vc707:part0:1.4 available at C:/Xilinx/Vivado/2022.2/data/xhub/boards/XilinxBoardStore/boards/Xilinx/vc707/1.4/board.xml as part xc7vx485tffg1761-2 specified in board_part file is either invalid or not available
WARNING: [Board 49-26] cannot add Board Part xilinx.com:vc709:part0:1.8 available at C:/Xilinx/Vivado/2022.2/data/xhub/boards/XilinxBoardStore/boards/Xilinx/vc709/1.8/board.xml as part xc7vx690tffg1761-2 specified in board_part file is either invalid or not available
WARNING: [Board 49-26] cannot add Board Part xilinx.com:vck190:part0:2.2 available at C:/Xilinx/Vivado/2022.2/data/xhub/boards/XilinxBoardStore/boards/Xilinx/vck190/production/2.2/board.xml as part xcvc1902-vsva2197-2mp-e-s specified in board_part file is either invalid or not available
WARNING: [Board 49-26] cannot add Board Part xilinx.com:vck190:part0:3.0 available at C:/Xilinx/Vivado/2022.2/data/xhub/boards/XilinxBoardStore/boards/Xilinx/vck190/production/3.0/board.xml as part xcvc1902-vsva2197-2mp-e-s specified in board_part file is either invalid or not available
WARNING: [Board 49-26] cannot add Board Part xilinx.com:vck190:part0:3.1 available at C:/Xilinx/Vivado/2022.2/data/xhub/boards/XilinxBoardStore/boards/Xilinx/vck190/production/3.1/board.xml as part xcvc1902-vsva2197-2mp-e-s specified in board_part file is either invalid or not available
WARNING: [Board 49-26] cannot add Board Part xilinx.com:vck190_newl:part0:1.0 available at C:/Xilinx/Vivado/2022.2/data/xhub/boards/XilinxBoardStore/boards/Xilinx/vck190_newl/production/1.0/board.xml as part xcvc1902-vsva2197-2mp-e-s specified in board_part file is either invalid or not available
WARNING: [Board 49-26] cannot add Board Part xilinx.com:vcu108:part0:1.6 available at C:/Xilinx/Vivado/2022.2/data/xhub/boards/XilinxBoardStore/boards/Xilinx/vcu108/1.6/board.xml as part xcvu095-ffva2104-2-e specified in board_part file is either invalid or not available
WARNING: [Board 49-26] cannot add Board Part xilinx.com:vcu108:part0:1.7 available at C:/Xilinx/Vivado/2022.2/data/xhub/boards/XilinxBoardStore/boards/Xilinx/vcu108/1.7/board.xml as part xcvu095-ffva2104-2-e specified in board_part file is either invalid or not available
WARNING: [Board 49-26] cannot add Board Part xilinx.com:vcu110:part0:1.4 available at C:/Xilinx/Vivado/2022.2/data/xhub/boards/XilinxBoardStore/boards/Xilinx/vcu110/1.4/board.xml as part xcvu190-flgc2104-2-e specified in board_part file is either invalid or not available
WARNING: [Board 49-26] cannot add Board Part xilinx.com:vcu118:part0:2.0 available at C:/Xilinx/Vivado/2022.2/data/xhub/boards/XilinxBoardStore/boards/Xilinx/vcu118/2.0/board.xml as part xcvu9p-flga2104-2l-e specified in board_part file is either invalid or not available
WARNING: [Board 49-26] cannot add Board Part xilinx.com:vcu118:part0:2.3 available at C:/Xilinx/Vivado/2022.2/data/xhub/boards/XilinxBoardStore/boards/Xilinx/vcu118/2.3/board.xml as part xcvu9p-flga2104-2l-e specified in board_part file is either invalid or not available
WARNING: [Board 49-26] cannot add Board Part xilinx.com:vcu118:part0:2.4 available at C:/Xilinx/Vivado/2022.2/data/xhub/boards/XilinxBoardStore/boards/Xilinx/vcu118/2.4/board.xml as part xcvu9p-flga2104-2l-e specified in board_part file is either invalid or not available
WARNING: [Board 49-26] cannot add Board Part xilinx.com:vcu128:part0:1.0 available at C:/Xilinx/Vivado/2022.2/data/xhub/boards/XilinxBoardStore/boards/Xilinx/vcu128/production/1.0/board.xml as part xcvu37p-fsvh2892-2l-e specified in board_part file is either invalid or not available
WARNING: [Board 49-26] cannot add Board Part xilinx.com:vcu129:part0:1.0 available at C:/Xilinx/Vivado/2022.2/data/xhub/boards/XilinxBoardStore/boards/Xilinx/vcu129/production/1.0/board.xml as part xcvu29p-fsga2577-2l-e specified in board_part file is either invalid or not available
WARNING: [Board 49-26] cannot add Board Part xilinx.com:vcu1525:part0:1.3 available at C:/Xilinx/Vivado/2022.2/data/xhub/boards/XilinxBoardStore/boards/Xilinx/vcu1525/1.3/board.xml as part xcvu9p-fsgd2104-2l-e specified in board_part file is either invalid or not available
WARNING: [Board 49-26] cannot add Board Part xilinx.com:vek280_es:part0:1.0 available at C:/Xilinx/Vivado/2022.2/data/xhub/boards/XilinxBoardStore/boards/Xilinx/vek280/es/1.0/board.xml as part xcve2802-vsvh1760-2lp-e-s-es1 specified in board_part file is either invalid or not available
WARNING: [Board 49-26] cannot add Board Part xilinx.com:vermeo_t1_mpsoc:part0:1.0 available at C:/Xilinx/Vivado/2022.2/data/xhub/boards/XilinxBoardStore/boards/Xilinx/vermeo_t1_mpsoc/1.0/board.xml as part xczu19eg-ffvd1760-2l-e specified in board_part file is either invalid or not available
WARNING: [Board 49-26] cannot add Board Part xilinx.com:vermeo_t1_rfsoc:part0:1.0 available at C:/Xilinx/Vivado/2022.2/data/xhub/boards/XilinxBoardStore/boards/Xilinx/vermeo_t1_rfsoc/1.0/board.xml as part xczu21dr-ffvd1156-2l-e specified in board_part file is either invalid or not available
WARNING: [Board 49-26] cannot add Board Part xilinx.com:vhk158_es:part0:1.0 available at C:/Xilinx/Vivado/2022.2/data/xhub/boards/XilinxBoardStore/boards/Xilinx/vhk158/es/1.0/board.xml as part xcvh1582-vsva3697-2mp-e-s-es1 specified in board_part file is either invalid or not available
WARNING: [Board 49-26] cannot add Board Part xilinx.com:vmk180:part0:2.2 available at C:/Xilinx/Vivado/2022.2/data/xhub/boards/XilinxBoardStore/boards/Xilinx/vmk180/production/2.2/board.xml as part xcvm1802-vsva2197-2mp-e-s specified in board_part file is either invalid or not available
WARNING: [Board 49-26] cannot add Board Part xilinx.com:vmk180:part0:3.0 available at C:/Xilinx/Vivado/2022.2/data/xhub/boards/XilinxBoardStore/boards/Xilinx/vmk180/production/3.0/board.xml as part xcvm1802-vsva2197-2mp-e-s specified in board_part file is either invalid or not available
WARNING: [Board 49-26] cannot add Board Part xilinx.com:vmk180:part0:3.1 available at C:/Xilinx/Vivado/2022.2/data/xhub/boards/XilinxBoardStore/boards/Xilinx/vmk180/production/3.1/board.xml as part xcvm1802-vsva2197-2mp-e-s specified in board_part file is either invalid or not available
WARNING: [Board 49-26] cannot add Board Part xilinx.com:vmk180_newl:part0:1.0 available at C:/Xilinx/Vivado/2022.2/data/xhub/boards/XilinxBoardStore/boards/Xilinx/vmk180_newl/production/1.0/board.xml as part xcvm1802-vsva2197-2mp-e-s specified in board_part file is either invalid or not available
WARNING: [Board 49-26] cannot add Board Part xilinx.com:vpk120:part0:1.0 available at C:/Xilinx/Vivado/2022.2/data/xhub/boards/XilinxBoardStore/boards/Xilinx/vpk120/production/1.0/board.xml as part xcvp1202-vsva2785-2mp-e-s specified in board_part file is either invalid or not available
WARNING: [Board 49-26] cannot add Board Part xilinx.com:vpk120_es:part0:1.2 available at C:/Xilinx/Vivado/2022.2/data/xhub/boards/XilinxBoardStore/boards/Xilinx/vpk120/es/1.2/board.xml as part xcvp1202-vsva2785-2mp-e-s-es1 specified in board_part file is either invalid or not available
WARNING: [Board 49-26] cannot add Board Part xilinx.com:vpk120_es_revb:part0:1.0 available at C:/Xilinx/Vivado/2022.2/data/xhub/boards/XilinxBoardStore/boards/Xilinx/vpk120_revb/es/1.0/board.xml as part xcvp1202-vsva2785-2mp-e-s-es1 specified in board_part file is either invalid or not available
WARNING: [Board 49-26] cannot add Board Part xilinx.com:vpk180_es:part0:1.0 available at C:/Xilinx/Vivado/2022.2/data/xhub/boards/XilinxBoardStore/boards/Xilinx/vpk180/es/1.0/board.xml as part xcvp1802-lsvc4072-2mp-e-s-es1 specified in board_part file is either invalid or not available
WARNING: [Board 49-26] cannot add Board Part xilinx.com:zc702:part0:1.4 available at C:/Xilinx/Vivado/2022.2/data/xhub/boards/XilinxBoardStore/boards/Xilinx/zc702/1.4/board.xml as part xc7z020clg484-1 specified in board_part file is either invalid or not available
WARNING: [Board 49-26] cannot add Board Part xilinx.com:zc706:part0:1.4 available at C:/Xilinx/Vivado/2022.2/data/xhub/boards/XilinxBoardStore/boards/Xilinx/zc706/1.4/board.xml as part xc7z045ffg900-2 specified in board_part file is either invalid or not available
WARNING: [Board 49-26] cannot add Board Part xilinx.com:zcu102:part0:3.3 available at C:/Xilinx/Vivado/2022.2/data/xhub/boards/XilinxBoardStore/boards/Xilinx/zcu102/3.3/board.xml as part xczu9eg-ffvb1156-2-e specified in board_part file is either invalid or not available
WARNING: [Board 49-26] cannot add Board Part xilinx.com:zcu102:part0:3.4 available at C:/Xilinx/Vivado/2022.2/data/xhub/boards/XilinxBoardStore/boards/Xilinx/zcu102/3.4/board.xml as part xczu9eg-ffvb1156-2-e specified in board_part file is either invalid or not available
WARNING: [Board 49-26] cannot add Board Part xilinx.com:zcu104:part0:1.1 available at C:/Xilinx/Vivado/2022.2/data/xhub/boards/XilinxBoardStore/boards/Xilinx/zcu104/1.1/board.xml as part xczu7ev-ffvc1156-2-e specified in board_part file is either invalid or not available
WARNING: [Board 49-26] cannot add Board Part xilinx.com:zcu106:part0:2.4 available at C:/Xilinx/Vivado/2022.2/data/xhub/boards/XilinxBoardStore/boards/Xilinx/zcu106/2.4/board.xml as part xczu7ev-ffvc1156-2-e specified in board_part file is either invalid or not available
WARNING: [Board 49-26] cannot add Board Part xilinx.com:zcu106:part0:2.5 available at C:/Xilinx/Vivado/2022.2/data/xhub/boards/XilinxBoardStore/boards/Xilinx/zcu106/2.5/board.xml as part xczu7ev-ffvc1156-2-e specified in board_part file is either invalid or not available
WARNING: [Board 49-26] cannot add Board Part xilinx.com:zcu106:part0:2.6 available at C:/Xilinx/Vivado/2022.2/data/xhub/boards/XilinxBoardStore/boards/Xilinx/zcu106/2.6/board.xml as part xczu7ev-ffvc1156-2-e specified in board_part file is either invalid or not available
WARNING: [Board 49-26] cannot add Board Part xilinx.com:zcu111:part0:1.2 available at C:/Xilinx/Vivado/2022.2/data/xhub/boards/XilinxBoardStore/boards/Xilinx/zcu111/1.2/board.xml as part xczu28dr-ffvg1517-2-e specified in board_part file is either invalid or not available
WARNING: [Board 49-26] cannot add Board Part xilinx.com:zcu111:part0:1.3 available at C:/Xilinx/Vivado/2022.2/data/xhub/boards/XilinxBoardStore/boards/Xilinx/zcu111/1.3/board.xml as part xczu28dr-ffvg1517-2-e specified in board_part file is either invalid or not available
WARNING: [Board 49-26] cannot add Board Part xilinx.com:zcu111:part0:1.4 available at C:/Xilinx/Vivado/2022.2/data/xhub/boards/XilinxBoardStore/boards/Xilinx/zcu111/1.4/board.xml as part xczu28dr-ffvg1517-2-e specified in board_part file is either invalid or not available
WARNING: [Board 49-26] cannot add Board Part xilinx.com:zcu1275:part0:1.0 available at C:/Xilinx/Vivado/2022.2/data/xhub/boards/XilinxBoardStore/boards/Xilinx/zcu1275/1.0/board.xml as part xczu29dr-ffvf1760-2-e specified in board_part file is either invalid or not available
WARNING: [Board 49-26] cannot add Board Part xilinx.com:zcu1285:part0:1.0 available at C:/Xilinx/Vivado/2022.2/data/xhub/boards/XilinxBoardStore/boards/Xilinx/zcu1285/1.0/board.xml as part xczu39dr-ffvf1760-2-i specified in board_part file is either invalid or not available
WARNING: [Board 49-26] cannot add Board Part xilinx.com:zcu208:part0:2.0 available at C:/Xilinx/Vivado/2022.2/data/xhub/boards/XilinxBoardStore/boards/Xilinx/zcu208/production/2.0/board.xml as part xczu48dr-fsvg1517-2-e specified in board_part file is either invalid or not available
WARNING: [Board 49-26] cannot add Board Part xilinx.com:zcu208ld:part0:2.0 available at C:/Xilinx/Vivado/2022.2/data/xhub/boards/XilinxBoardStore/boards/Xilinx/zcu208ld/production/2.0/board.xml as part xczu58dr-fsvg1517-2-i specified in board_part file is either invalid or not available
WARNING: [Board 49-26] cannot add Board Part xilinx.com:zcu216:part0:2.0 available at C:/Xilinx/Vivado/2022.2/data/xhub/boards/XilinxBoardStore/boards/Xilinx/zcu216/production/2.0/board.xml as part xczu49dr-ffvf1760-2-e specified in board_part file is either invalid or not available
WARNING: [Board 49-26] cannot add Board Part xilinx.com:zcu216ld:part0:2.0 available at C:/Xilinx/Vivado/2022.2/data/xhub/boards/XilinxBoardStore/boards/Xilinx/zcu216ld/production/2.0/board.xml as part xczu59dr-ffvf1760-2-i specified in board_part file is either invalid or not available
WARNING: [Board 49-26] cannot add Board Part xilinx.com:zcu670:part0:2.0 available at C:/Xilinx/Vivado/2022.2/data/xhub/boards/XilinxBoardStore/boards/Xilinx/zcu670/2.0/board.xml as part xczu67dr-fsve1156-2-i specified in board_part file is either invalid or not available
WARNING: [Board 49-26] cannot add Board Part xilinx.com:zcu670ld:part0:1.0 available at C:/Xilinx/Vivado/2022.2/data/xhub/boards/XilinxBoardStore/boards/Xilinx/zcu670ld/1.0/board.xml as part xczu57dr-fsve1156-2-i specified in board_part file is either invalid or not available
Scanning sources...
Finished scanning sources
INFO: [IP_Flow 19-234] Refreshing IP repositories
INFO: [IP_Flow 19-1700] Loaded user IP repository 'c:/Users/sapph/OneDrive/Documents/GitHub/ECE385-SP24/Lab_6/hdmi_tx_1.0'.
INFO: [IP_Flow 19-2313] Loaded Vivado IP repository 'C:/Xilinx/Vivado/2022.2/data/ip'.
open_project: Time (s): cpu = 00:00:06 ; elapsed = 00:00:10 . Memory (MB): peak = 1193.098 ; gain = 291.035
update_compile_order -fileset sources_1
open_run synth_1 -name synth_1
Design is defaulting to impl run constrset: constrs_1
Design is defaulting to synth run part: xc7s50csga324-1
INFO: [Device 21-403] Loading part xc7s50csga324-1
INFO: [Project 1-454] Reading design checkpoint 'c:/Users/sapph/OneDrive/Documents/GitHub/ECE385-SP24/Lab_6/Lab 6.gen/sources_1/ip/clk_wiz_0/clk_wiz_0.dcp' for cell 'clk_wiz'
INFO: [Project 1-454] Reading design checkpoint 'c:/Users/sapph/OneDrive/Documents/GitHub/ECE385-SP24/Lab_6/Lab 6.gen/sources_1/ip/hdmi_tx_0/hdmi_tx_0.dcp' for cell 'vga_to_hdmi'
INFO: [Project 1-454] Reading design checkpoint 'c:/Users/sapph/OneDrive/Documents/GitHub/ECE385-SP24/Lab_6/Lab 6.gen/sources_1/bd/mb_block_i/ip/mb_block_i_axi_uartlite_0_0/mb_block_i_axi_uartlite_0_0.dcp' for cell 'mb_usb/axi_uartlite_0'
INFO: [Project 1-454] Reading design checkpoint 'c:/Users/sapph/OneDrive/Documents/GitHub/ECE385-SP24/Lab_6/Lab 6.gen/sources_1/bd/mb_block_i/ip/mb_block_i_clk_wiz_1_0/mb_block_i_clk_wiz_1_0.dcp' for cell 'mb_usb/clk_wiz_1'
INFO: [Project 1-454] Reading design checkpoint 'c:/Users/sapph/OneDrive/Documents/GitHub/ECE385-SP24/Lab_6/Lab 6.gen/sources_1/bd/mb_block_i/ip/mb_block_i_axi_gpio_0_1/mb_block_i_axi_gpio_0_1.dcp' for cell 'mb_usb/gpio_usb_int'
INFO: [Project 1-454] Reading design checkpoint 'c:/Users/sapph/OneDrive/Documents/GitHub/ECE385-SP24/Lab_6/Lab 6.gen/sources_1/bd/mb_block_i/ip/mb_block_i_axi_gpio_0_2/mb_block_i_axi_gpio_0_2.dcp' for cell 'mb_usb/gpio_usb_keycode'
INFO: [Project 1-454] Reading design checkpoint 'c:/Users/sapph/OneDrive/Documents/GitHub/ECE385-SP24/Lab_6/Lab 6.gen/sources_1/bd/mb_block_i/ip/mb_block_i_axi_gpio_0_0/mb_block_i_axi_gpio_0_0.dcp' for cell 'mb_usb/gpio_usb_rst'
INFO: [Project 1-454] Reading design checkpoint 'c:/Users/sapph/OneDrive/Documents/GitHub/ECE385-SP24/Lab_6/Lab 6.gen/sources_1/bd/mb_block_i/ip/mb_block_i_mdm_1_0/mb_block_i_mdm_1_0.dcp' for cell 'mb_usb/mdm_1'
INFO: [Project 1-454] Reading design checkpoint 'c:/Users/sapph/OneDrive/Documents/GitHub/ECE385-SP24/Lab_6/Lab 6.gen/sources_1/bd/mb_block_i/ip/mb_block_i_microblaze_0_0/mb_block_i_microblaze_0_0.dcp' for cell 'mb_usb/microblaze_0'
INFO: [Project 1-454] Reading design checkpoint 'c:/Users/sapph/OneDrive/Documents/GitHub/ECE385-SP24/Lab_6/Lab 6.gen/sources_1/bd/mb_block_i/ip/mb_block_i_microblaze_0_axi_intc_0/mb_block_i_microblaze_0_axi_intc_0.dcp' for cell 'mb_usb/microblaze_0_axi_intc'
INFO: [Project 1-454] Reading design checkpoint 'c:/Users/sapph/OneDrive/Documents/GitHub/ECE385-SP24/Lab_6/Lab 6.gen/sources_1/bd/mb_block_i/ip/mb_block_i_rst_clk_wiz_1_100M_0/mb_block_i_rst_clk_wiz_1_100M_0.dcp' for cell 'mb_usb/rst_clk_wiz_1_100M'
INFO: [Project 1-454] Reading design checkpoint 'c:/Users/sapph/OneDrive/Documents/GitHub/ECE385-SP24/Lab_6/Lab 6.gen/sources_1/bd/mb_block_i/ip/mb_block_i_axi_quad_spi_0_0/mb_block_i_axi_quad_spi_0_0.dcp' for cell 'mb_usb/spi_usb'
INFO: [Project 1-454] Reading design checkpoint 'c:/Users/sapph/OneDrive/Documents/GitHub/ECE385-SP24/Lab_6/Lab 6.gen/sources_1/bd/mb_block_i/ip/mb_block_i_axi_timer_0_0/mb_block_i_axi_timer_0_0.dcp' for cell 'mb_usb/timer_usb_axi'
INFO: [Project 1-454] Reading design checkpoint 'c:/Users/sapph/OneDrive/Documents/GitHub/ECE385-SP24/Lab_6/Lab 6.gen/sources_1/bd/mb_block_i/ip/mb_block_i_xbar_0/mb_block_i_xbar_0.dcp' for cell 'mb_usb/microblaze_0_axi_periph/xbar'
INFO: [Project 1-454] Reading design checkpoint 'c:/Users/sapph/OneDrive/Documents/GitHub/ECE385-SP24/Lab_6/Lab 6.gen/sources_1/bd/mb_block_i/ip/mb_block_i_dlmb_bram_if_cntlr_0/mb_block_i_dlmb_bram_if_cntlr_0.dcp' for cell 'mb_usb/microblaze_0_local_memory/dlmb_bram_if_cntlr'
INFO: [Project 1-454] Reading design checkpoint 'c:/Users/sapph/OneDrive/Documents/GitHub/ECE385-SP24/Lab_6/Lab 6.gen/sources_1/bd/mb_block_i/ip/mb_block_i_dlmb_v10_0/mb_block_i_dlmb_v10_0.dcp' for cell 'mb_usb/microblaze_0_local_memory/dlmb_v10'
INFO: [Project 1-454] Reading design checkpoint 'c:/Users/sapph/OneDrive/Documents/GitHub/ECE385-SP24/Lab_6/Lab 6.gen/sources_1/bd/mb_block_i/ip/mb_block_i_ilmb_bram_if_cntlr_0/mb_block_i_ilmb_bram_if_cntlr_0.dcp' for cell 'mb_usb/microblaze_0_local_memory/ilmb_bram_if_cntlr'
INFO: [Project 1-454] Reading design checkpoint 'c:/Users/sapph/OneDrive/Documents/GitHub/ECE385-SP24/Lab_6/Lab 6.gen/sources_1/bd/mb_block_i/ip/mb_block_i_ilmb_v10_0/mb_block_i_ilmb_v10_0.dcp' for cell 'mb_usb/microblaze_0_local_memory/ilmb_v10'
INFO: [Project 1-454] Reading design checkpoint 'c:/Users/sapph/OneDrive/Documents/GitHub/ECE385-SP24/Lab_6/Lab 6.gen/sources_1/bd/mb_block_i/ip/mb_block_i_lmb_bram_0/mb_block_i_lmb_bram_0.dcp' for cell 'mb_usb/microblaze_0_local_memory/lmb_bram'
Netlist sorting complete. Time (s): cpu = 00:00:00 ; elapsed = 00:00:00.185 . Memory (MB): peak = 1617.145 ; gain = 0.000
INFO: [Netlist 29-17] Analyzing 419 Unisim elements for replacement
INFO: [Netlist 29-28] Unisim Transformation completed in 0 CPU seconds
INFO: [Project 1-479] Netlist was created with Vivado 2022.2
INFO: [Project 1-570] Preparing netlist for logic optimization
WARNING: [Opt 31-35] Removing redundant IBUF, clk_wiz/inst/clkin1_ibufg, from the path connected to top-level port: Clk 
Resolution: The tool has removed redundant IBUF. To resolve this warning, check for redundant IBUF in the input design.
WARNING: [Opt 31-35] Removing redundant IBUF, mb_usb/clk_wiz_1/inst/clkin1_ibufg, from the path connected to top-level port: Clk 
Resolution: The tool has removed redundant IBUF. To resolve this warning, check for redundant IBUF in the input design.
WARNING: [Constraints 18-550] Could not create 'IBUF_LOW_PWR' constraint because net 'clk_wiz/clk_in1' is not directly connected to top level port. Synthesis is ignored for IBUF_LOW_PWR but preserved for implementation.
WARNING: [Constraints 18-550] Could not create 'IBUF_LOW_PWR' constraint because net 'mb_usb/clk_wiz_1/clk_in1' is not directly connected to top level port. Synthesis is ignored for IBUF_LOW_PWR but preserved for implementation.
Parsing XDC File [c:/Users/sapph/OneDrive/Documents/GitHub/ECE385-SP24/Lab_6/Lab 6.gen/sources_1/bd/mb_block_i/ip/mb_block_i_microblaze_0_0/mb_block_i_microblaze_0_0.xdc] for cell 'mb_usb/microblaze_0/U0'
Finished Parsing XDC File [c:/Users/sapph/OneDrive/Documents/GitHub/ECE385-SP24/Lab_6/Lab 6.gen/sources_1/bd/mb_block_i/ip/mb_block_i_microblaze_0_0/mb_block_i_microblaze_0_0.xdc] for cell 'mb_usb/microblaze_0/U0'
Parsing XDC File [c:/Users/sapph/OneDrive/Documents/GitHub/ECE385-SP24/Lab_6/Lab 6.gen/sources_1/bd/mb_block_i/ip/mb_block_i_microblaze_0_axi_intc_0/mb_block_i_microblaze_0_axi_intc_0.xdc] for cell 'mb_usb/microblaze_0_axi_intc/U0'
Finished Parsing XDC File [c:/Users/sapph/OneDrive/Documents/GitHub/ECE385-SP24/Lab_6/Lab 6.gen/sources_1/bd/mb_block_i/ip/mb_block_i_microblaze_0_axi_intc_0/mb_block_i_microblaze_0_axi_intc_0.xdc] for cell 'mb_usb/microblaze_0_axi_intc/U0'
Parsing XDC File [c:/Users/sapph/OneDrive/Documents/GitHub/ECE385-SP24/Lab_6/Lab 6.gen/sources_1/bd/mb_block_i/ip/mb_block_i_clk_wiz_1_0/mb_block_i_clk_wiz_1_0_board.xdc] for cell 'mb_usb/clk_wiz_1/inst'
Finished Parsing XDC File [c:/Users/sapph/OneDrive/Documents/GitHub/ECE385-SP24/Lab_6/Lab 6.gen/sources_1/bd/mb_block_i/ip/mb_block_i_clk_wiz_1_0/mb_block_i_clk_wiz_1_0_board.xdc] for cell 'mb_usb/clk_wiz_1/inst'
Parsing XDC File [c:/Users/sapph/OneDrive/Documents/GitHub/ECE385-SP24/Lab_6/Lab 6.gen/sources_1/bd/mb_block_i/ip/mb_block_i_clk_wiz_1_0/mb_block_i_clk_wiz_1_0.xdc] for cell 'mb_usb/clk_wiz_1/inst'
INFO: [Timing 38-35] Done setting XDC timing constraints. [c:/Users/sapph/OneDrive/Documents/GitHub/ECE385-SP24/Lab_6/Lab 6.gen/sources_1/bd/mb_block_i/ip/mb_block_i_clk_wiz_1_0/mb_block_i_clk_wiz_1_0.xdc:57]
INFO: [Timing 38-2] Deriving generated clocks [c:/Users/sapph/OneDrive/Documents/GitHub/ECE385-SP24/Lab_6/Lab 6.gen/sources_1/bd/mb_block_i/ip/mb_block_i_clk_wiz_1_0/mb_block_i_clk_wiz_1_0.xdc:57]
Finished Parsing XDC File [c:/Users/sapph/OneDrive/Documents/GitHub/ECE385-SP24/Lab_6/Lab 6.gen/sources_1/bd/mb_block_i/ip/mb_block_i_clk_wiz_1_0/mb_block_i_clk_wiz_1_0.xdc] for cell 'mb_usb/clk_wiz_1/inst'
Parsing XDC File [c:/Users/sapph/OneDrive/Documents/GitHub/ECE385-SP24/Lab_6/Lab 6.gen/sources_1/bd/mb_block_i/ip/mb_block_i_rst_clk_wiz_1_100M_0/mb_block_i_rst_clk_wiz_1_100M_0_board.xdc] for cell 'mb_usb/rst_clk_wiz_1_100M/U0'
Finished Parsing XDC File [c:/Users/sapph/OneDrive/Documents/GitHub/ECE385-SP24/Lab_6/Lab 6.gen/sources_1/bd/mb_block_i/ip/mb_block_i_rst_clk_wiz_1_100M_0/mb_block_i_rst_clk_wiz_1_100M_0_board.xdc] for cell 'mb_usb/rst_clk_wiz_1_100M/U0'
Parsing XDC File [c:/Users/sapph/OneDrive/Documents/GitHub/ECE385-SP24/Lab_6/Lab 6.gen/sources_1/bd/mb_block_i/ip/mb_block_i_rst_clk_wiz_1_100M_0/mb_block_i_rst_clk_wiz_1_100M_0.xdc] for cell 'mb_usb/rst_clk_wiz_1_100M/U0'
Finished Parsing XDC File [c:/Users/sapph/OneDrive/Documents/GitHub/ECE385-SP24/Lab_6/Lab 6.gen/sources_1/bd/mb_block_i/ip/mb_block_i_rst_clk_wiz_1_100M_0/mb_block_i_rst_clk_wiz_1_100M_0.xdc] for cell 'mb_usb/rst_clk_wiz_1_100M/U0'
Parsing XDC File [c:/Users/sapph/OneDrive/Documents/GitHub/ECE385-SP24/Lab_6/Lab 6.gen/sources_1/bd/mb_block_i/ip/mb_block_i_axi_uartlite_0_0/mb_block_i_axi_uartlite_0_0_board.xdc] for cell 'mb_usb/axi_uartlite_0/U0'
Finished Parsing XDC File [c:/Users/sapph/OneDrive/Documents/GitHub/ECE385-SP24/Lab_6/Lab 6.gen/sources_1/bd/mb_block_i/ip/mb_block_i_axi_uartlite_0_0/mb_block_i_axi_uartlite_0_0_board.xdc] for cell 'mb_usb/axi_uartlite_0/U0'
Parsing XDC File [c:/Users/sapph/OneDrive/Documents/GitHub/ECE385-SP24/Lab_6/Lab 6.gen/sources_1/bd/mb_block_i/ip/mb_block_i_axi_uartlite_0_0/mb_block_i_axi_uartlite_0_0.xdc] for cell 'mb_usb/axi_uartlite_0/U0'
Finished Parsing XDC File [c:/Users/sapph/OneDrive/Documents/GitHub/ECE385-SP24/Lab_6/Lab 6.gen/sources_1/bd/mb_block_i/ip/mb_block_i_axi_uartlite_0_0/mb_block_i_axi_uartlite_0_0.xdc] for cell 'mb_usb/axi_uartlite_0/U0'
Parsing XDC File [c:/Users/sapph/OneDrive/Documents/GitHub/ECE385-SP24/Lab_6/Lab 6.gen/sources_1/bd/mb_block_i/ip/mb_block_i_axi_gpio_0_0/mb_block_i_axi_gpio_0_0_board.xdc] for cell 'mb_usb/gpio_usb_rst/U0'
Finished Parsing XDC File [c:/Users/sapph/OneDrive/Documents/GitHub/ECE385-SP24/Lab_6/Lab 6.gen/sources_1/bd/mb_block_i/ip/mb_block_i_axi_gpio_0_0/mb_block_i_axi_gpio_0_0_board.xdc] for cell 'mb_usb/gpio_usb_rst/U0'
Parsing XDC File [c:/Users/sapph/OneDrive/Documents/GitHub/ECE385-SP24/Lab_6/Lab 6.gen/sources_1/bd/mb_block_i/ip/mb_block_i_axi_gpio_0_0/mb_block_i_axi_gpio_0_0.xdc] for cell 'mb_usb/gpio_usb_rst/U0'
Finished Parsing XDC File [c:/Users/sapph/OneDrive/Documents/GitHub/ECE385-SP24/Lab_6/Lab 6.gen/sources_1/bd/mb_block_i/ip/mb_block_i_axi_gpio_0_0/mb_block_i_axi_gpio_0_0.xdc] for cell 'mb_usb/gpio_usb_rst/U0'
Parsing XDC File [c:/Users/sapph/OneDrive/Documents/GitHub/ECE385-SP24/Lab_6/Lab 6.gen/sources_1/bd/mb_block_i/ip/mb_block_i_axi_gpio_0_1/mb_block_i_axi_gpio_0_1_board.xdc] for cell 'mb_usb/gpio_usb_int/U0'
Finished Parsing XDC File [c:/Users/sapph/OneDrive/Documents/GitHub/ECE385-SP24/Lab_6/Lab 6.gen/sources_1/bd/mb_block_i/ip/mb_block_i_axi_gpio_0_1/mb_block_i_axi_gpio_0_1_board.xdc] for cell 'mb_usb/gpio_usb_int/U0'
Parsing XDC File [c:/Users/sapph/OneDrive/Documents/GitHub/ECE385-SP24/Lab_6/Lab 6.gen/sources_1/bd/mb_block_i/ip/mb_block_i_axi_gpio_0_1/mb_block_i_axi_gpio_0_1.xdc] for cell 'mb_usb/gpio_usb_int/U0'
Finished Parsing XDC File [c:/Users/sapph/OneDrive/Documents/GitHub/ECE385-SP24/Lab_6/Lab 6.gen/sources_1/bd/mb_block_i/ip/mb_block_i_axi_gpio_0_1/mb_block_i_axi_gpio_0_1.xdc] for cell 'mb_usb/gpio_usb_int/U0'
Parsing XDC File [c:/Users/sapph/OneDrive/Documents/GitHub/ECE385-SP24/Lab_6/Lab 6.gen/sources_1/bd/mb_block_i/ip/mb_block_i_axi_gpio_0_2/mb_block_i_axi_gpio_0_2_board.xdc] for cell 'mb_usb/gpio_usb_keycode/U0'
Finished Parsing XDC File [c:/Users/sapph/OneDrive/Documents/GitHub/ECE385-SP24/Lab_6/Lab 6.gen/sources_1/bd/mb_block_i/ip/mb_block_i_axi_gpio_0_2/mb_block_i_axi_gpio_0_2_board.xdc] for cell 'mb_usb/gpio_usb_keycode/U0'
Parsing XDC File [c:/Users/sapph/OneDrive/Documents/GitHub/ECE385-SP24/Lab_6/Lab 6.gen/sources_1/bd/mb_block_i/ip/mb_block_i_axi_gpio_0_2/mb_block_i_axi_gpio_0_2.xdc] for cell 'mb_usb/gpio_usb_keycode/U0'
Finished Parsing XDC File [c:/Users/sapph/OneDrive/Documents/GitHub/ECE385-SP24/Lab_6/Lab 6.gen/sources_1/bd/mb_block_i/ip/mb_block_i_axi_gpio_0_2/mb_block_i_axi_gpio_0_2.xdc] for cell 'mb_usb/gpio_usb_keycode/U0'
Parsing XDC File [c:/Users/sapph/OneDrive/Documents/GitHub/ECE385-SP24/Lab_6/Lab 6.gen/sources_1/bd/mb_block_i/ip/mb_block_i_axi_timer_0_0/mb_block_i_axi_timer_0_0.xdc] for cell 'mb_usb/timer_usb_axi/U0'
Finished Parsing XDC File [c:/Users/sapph/OneDrive/Documents/GitHub/ECE385-SP24/Lab_6/Lab 6.gen/sources_1/bd/mb_block_i/ip/mb_block_i_axi_timer_0_0/mb_block_i_axi_timer_0_0.xdc] for cell 'mb_usb/timer_usb_axi/U0'
Parsing XDC File [c:/Users/sapph/OneDrive/Documents/GitHub/ECE385-SP24/Lab_6/Lab 6.gen/sources_1/bd/mb_block_i/ip/mb_block_i_axi_quad_spi_0_0/mb_block_i_axi_quad_spi_0_0_board.xdc] for cell 'mb_usb/spi_usb/U0'
Finished Parsing XDC File [c:/Users/sapph/OneDrive/Documents/GitHub/ECE385-SP24/Lab_6/Lab 6.gen/sources_1/bd/mb_block_i/ip/mb_block_i_axi_quad_spi_0_0/mb_block_i_axi_quad_spi_0_0_board.xdc] for cell 'mb_usb/spi_usb/U0'
Parsing XDC File [c:/Users/sapph/OneDrive/Documents/GitHub/ECE385-SP24/Lab_6/Lab 6.gen/sources_1/bd/mb_block_i/ip/mb_block_i_axi_quad_spi_0_0/mb_block_i_axi_quad_spi_0_0.xdc] for cell 'mb_usb/spi_usb/U0'
Finished Parsing XDC File [c:/Users/sapph/OneDrive/Documents/GitHub/ECE385-SP24/Lab_6/Lab 6.gen/sources_1/bd/mb_block_i/ip/mb_block_i_axi_quad_spi_0_0/mb_block_i_axi_quad_spi_0_0.xdc] for cell 'mb_usb/spi_usb/U0'
Parsing XDC File [c:/Users/sapph/OneDrive/Documents/GitHub/ECE385-SP24/Lab_6/Lab 6.gen/sources_1/ip/clk_wiz_0/clk_wiz_0_board.xdc] for cell 'clk_wiz/inst'
Finished Parsing XDC File [c:/Users/sapph/OneDrive/Documents/GitHub/ECE385-SP24/Lab_6/Lab 6.gen/sources_1/ip/clk_wiz_0/clk_wiz_0_board.xdc] for cell 'clk_wiz/inst'
Parsing XDC File [c:/Users/sapph/OneDrive/Documents/GitHub/ECE385-SP24/Lab_6/Lab 6.gen/sources_1/ip/clk_wiz_0/clk_wiz_0.xdc] for cell 'clk_wiz/inst'
INFO: [Timing 38-2] Deriving generated clocks [c:/Users/sapph/OneDrive/Documents/GitHub/ECE385-SP24/Lab_6/Lab 6.gen/sources_1/ip/clk_wiz_0/clk_wiz_0.xdc:57]
Finished Parsing XDC File [c:/Users/sapph/OneDrive/Documents/GitHub/ECE385-SP24/Lab_6/Lab 6.gen/sources_1/ip/clk_wiz_0/clk_wiz_0.xdc] for cell 'clk_wiz/inst'
Parsing XDC File [C:/Users/sapph/OneDrive/Documents/GitHub/ECE385-SP24/Lab_6/Lab 6.srcs/constrs_1/imports/pin_assignment/mb_usb_hdmi_top.xdc]
WARNING: [Vivado 12-584] No ports matched 'HDMI_0_tmds_clk_n'. [C:/Users/sapph/OneDrive/Documents/GitHub/ECE385-SP24/Lab_6/Lab 6.srcs/constrs_1/imports/pin_assignment/mb_usb_hdmi_top.xdc:79]
CRITICAL WARNING: [Common 17-55] 'set_property' expects at least one object. [C:/Users/sapph/OneDrive/Documents/GitHub/ECE385-SP24/Lab_6/Lab 6.srcs/constrs_1/imports/pin_assignment/mb_usb_hdmi_top.xdc:79]
Resolution: If [get_<value>] was used to populate the object, check to make sure this command returns at least one valid object.
WARNING: [Vivado 12-584] No ports matched 'HDMI_0_tmds_clk_p'. [C:/Users/sapph/OneDrive/Documents/GitHub/ECE385-SP24/Lab_6/Lab 6.srcs/constrs_1/imports/pin_assignment/mb_usb_hdmi_top.xdc:80]
CRITICAL WARNING: [Common 17-55] 'set_property' expects at least one object. [C:/Users/sapph/OneDrive/Documents/GitHub/ECE385-SP24/Lab_6/Lab 6.srcs/constrs_1/imports/pin_assignment/mb_usb_hdmi_top.xdc:80]
Resolution: If [get_<value>] was used to populate the object, check to make sure this command returns at least one valid object.
WARNING: [Vivado 12-584] No ports matched 'HDMI_0_tmds_data_n[0]'. [C:/Users/sapph/OneDrive/Documents/GitHub/ECE385-SP24/Lab_6/Lab 6.srcs/constrs_1/imports/pin_assignment/mb_usb_hdmi_top.xdc:82]
CRITICAL WARNING: [Common 17-55] 'set_property' expects at least one object. [C:/Users/sapph/OneDrive/Documents/GitHub/ECE385-SP24/Lab_6/Lab 6.srcs/constrs_1/imports/pin_assignment/mb_usb_hdmi_top.xdc:82]
Resolution: If [get_<value>] was used to populate the object, check to make sure this command returns at least one valid object.
WARNING: [Vivado 12-584] No ports matched 'HDMI_0_tmds_data_n[1]'. [C:/Users/sapph/OneDrive/Documents/GitHub/ECE385-SP24/Lab_6/Lab 6.srcs/constrs_1/imports/pin_assignment/mb_usb_hdmi_top.xdc:83]
CRITICAL WARNING: [Common 17-55] 'set_property' expects at least one object. [C:/Users/sapph/OneDrive/Documents/GitHub/ECE385-SP24/Lab_6/Lab 6.srcs/constrs_1/imports/pin_assignment/mb_usb_hdmi_top.xdc:83]
Resolution: If [get_<value>] was used to populate the object, check to make sure this command returns at least one valid object.
WARNING: [Vivado 12-584] No ports matched 'HDMI_0_tmds_data_n[2]'. [C:/Users/sapph/OneDrive/Documents/GitHub/ECE385-SP24/Lab_6/Lab 6.srcs/constrs_1/imports/pin_assignment/mb_usb_hdmi_top.xdc:84]
CRITICAL WARNING: [Common 17-55] 'set_property' expects at least one object. [C:/Users/sapph/OneDrive/Documents/GitHub/ECE385-SP24/Lab_6/Lab 6.srcs/constrs_1/imports/pin_assignment/mb_usb_hdmi_top.xdc:84]
Resolution: If [get_<value>] was used to populate the object, check to make sure this command returns at least one valid object.
WARNING: [Vivado 12-584] No ports matched 'HDMI_0_tmds_data_p[0]'. [C:/Users/sapph/OneDrive/Documents/GitHub/ECE385-SP24/Lab_6/Lab 6.srcs/constrs_1/imports/pin_assignment/mb_usb_hdmi_top.xdc:86]
CRITICAL WARNING: [Common 17-55] 'set_property' expects at least one object. [C:/Users/sapph/OneDrive/Documents/GitHub/ECE385-SP24/Lab_6/Lab 6.srcs/constrs_1/imports/pin_assignment/mb_usb_hdmi_top.xdc:86]
Resolution: If [get_<value>] was used to populate the object, check to make sure this command returns at least one valid object.
WARNING: [Vivado 12-584] No ports matched 'HDMI_0_tmds_data_p[1]'. [C:/Users/sapph/OneDrive/Documents/GitHub/ECE385-SP24/Lab_6/Lab 6.srcs/constrs_1/imports/pin_assignment/mb_usb_hdmi_top.xdc:87]
CRITICAL WARNING: [Common 17-55] 'set_property' expects at least one object. [C:/Users/sapph/OneDrive/Documents/GitHub/ECE385-SP24/Lab_6/Lab 6.srcs/constrs_1/imports/pin_assignment/mb_usb_hdmi_top.xdc:87]
Resolution: If [get_<value>] was used to populate the object, check to make sure this command returns at least one valid object.
WARNING: [Vivado 12-584] No ports matched 'HDMI_0_tmds_data_p[2]'. [C:/Users/sapph/OneDrive/Documents/GitHub/ECE385-SP24/Lab_6/Lab 6.srcs/constrs_1/imports/pin_assignment/mb_usb_hdmi_top.xdc:88]
CRITICAL WARNING: [Common 17-55] 'set_property' expects at least one object. [C:/Users/sapph/OneDrive/Documents/GitHub/ECE385-SP24/Lab_6/Lab 6.srcs/constrs_1/imports/pin_assignment/mb_usb_hdmi_top.xdc:88]
Resolution: If [get_<value>] was used to populate the object, check to make sure this command returns at least one valid object.
Finished Parsing XDC File [C:/Users/sapph/OneDrive/Documents/GitHub/ECE385-SP24/Lab_6/Lab 6.srcs/constrs_1/imports/pin_assignment/mb_usb_hdmi_top.xdc]
Parsing XDC File [c:/Users/sapph/OneDrive/Documents/GitHub/ECE385-SP24/Lab_6/Lab 6.gen/sources_1/bd/mb_block_i/ip/mb_block_i_microblaze_0_axi_intc_0/mb_block_i_microblaze_0_axi_intc_0_clocks.xdc] for cell 'mb_usb/microblaze_0_axi_intc/U0'
Finished Parsing XDC File [c:/Users/sapph/OneDrive/Documents/GitHub/ECE385-SP24/Lab_6/Lab 6.gen/sources_1/bd/mb_block_i/ip/mb_block_i_microblaze_0_axi_intc_0/mb_block_i_microblaze_0_axi_intc_0_clocks.xdc] for cell 'mb_usb/microblaze_0_axi_intc/U0'
Parsing XDC File [c:/Users/sapph/OneDrive/Documents/GitHub/ECE385-SP24/Lab_6/Lab 6.gen/sources_1/bd/mb_block_i/ip/mb_block_i_mdm_1_0/mb_block_i_mdm_1_0.xdc] for cell 'mb_usb/mdm_1/U0'
Finished Parsing XDC File [c:/Users/sapph/OneDrive/Documents/GitHub/ECE385-SP24/Lab_6/Lab 6.gen/sources_1/bd/mb_block_i/ip/mb_block_i_mdm_1_0/mb_block_i_mdm_1_0.xdc] for cell 'mb_usb/mdm_1/U0'
Parsing XDC File [c:/Users/sapph/OneDrive/Documents/GitHub/ECE385-SP24/Lab_6/Lab 6.gen/sources_1/bd/mb_block_i/ip/mb_block_i_axi_quad_spi_0_0/mb_block_i_axi_quad_spi_0_0_clocks.xdc] for cell 'mb_usb/spi_usb/U0'
Finished Parsing XDC File [c:/Users/sapph/OneDrive/Documents/GitHub/ECE385-SP24/Lab_6/Lab 6.gen/sources_1/bd/mb_block_i/ip/mb_block_i_axi_quad_spi_0_0/mb_block_i_axi_quad_spi_0_0_clocks.xdc] for cell 'mb_usb/spi_usb/U0'
WARNING: [XPM_CDC_GRAY: TCL-1000] The source and destination clocks are the same. 
     Instance: mb_usb/spi_usb/U0/NO_DUAL_QUAD_MODE.QSPI_NORMAL/QSPI_LEGACY_MD_GEN.QSPI_CORE_INTERFACE_I/FIFO_EXISTS.TX_FIFO_II/xpm_fifo_instance.xpm_fifo_async_inst/gnuram_async_fifo.xpm_fifo_base_inst/gen_cdc_pntr.rd_pntr_cdc_inst 
  This will add unnecessary latency to the design. Please check the design for the following: 
 1) Manually instantiated XPM_CDC modules: Xilinx recommends that you remove these modules. 
 2) Xilinx IP that contains XPM_CDC modules: Verify the connections to the IP to determine whether you can safely ignore this message.
 [C:/Xilinx/Vivado/2022.2/data/ip/xpm/xpm_cdc/tcl/xpm_cdc_gray.tcl:16]
WARNING: [XPM_CDC_GRAY: TCL-1000] The source and destination clocks are the same. 
     Instance: mb_usb/spi_usb/U0/NO_DUAL_QUAD_MODE.QSPI_NORMAL/QSPI_LEGACY_MD_GEN.QSPI_CORE_INTERFACE_I/FIFO_EXISTS.RX_FIFO_II/gnuram_async_fifo.xpm_fifo_base_inst/gen_cdc_pntr.wr_pntr_cdc_inst 
  This will add unnecessary latency to the design. Please check the design for the following: 
 1) Manually instantiated XPM_CDC modules: Xilinx recommends that you remove these modules. 
 2) Xilinx IP that contains XPM_CDC modules: Verify the connections to the IP to determine whether you can safely ignore this message.
 [C:/Xilinx/Vivado/2022.2/data/ip/xpm/xpm_cdc/tcl/xpm_cdc_gray.tcl:16]
WARNING: [XPM_CDC_GRAY: TCL-1000] The source and destination clocks are the same. 
     Instance: mb_usb/spi_usb/U0/NO_DUAL_QUAD_MODE.QSPI_NORMAL/QSPI_LEGACY_MD_GEN.QSPI_CORE_INTERFACE_I/FIFO_EXISTS.RX_FIFO_II/gnuram_async_fifo.xpm_fifo_base_inst/gen_cdc_pntr.rd_pntr_cdc_inst 
  This will add unnecessary latency to the design. Please check the design for the following: 
 1) Manually instantiated XPM_CDC modules: Xilinx recommends that you remove these modules. 
 2) Xilinx IP that contains XPM_CDC modules: Verify the connections to the IP to determine whether you can safely ignore this message.
 [C:/Xilinx/Vivado/2022.2/data/ip/xpm/xpm_cdc/tcl/xpm_cdc_gray.tcl:16]
WARNING: [XPM_CDC_GRAY: TCL-1000] The source and destination clocks are the same. 
     Instance: mb_usb/spi_usb/U0/NO_DUAL_QUAD_MODE.QSPI_NORMAL/QSPI_LEGACY_MD_GEN.QSPI_CORE_INTERFACE_I/FIFO_EXISTS.TX_FIFO_II/xpm_fifo_instance.xpm_fifo_async_inst/gnuram_async_fifo.xpm_fifo_base_inst/gen_cdc_pntr.wr_pntr_cdc_inst 
  This will add unnecessary latency to the design. Please check the design for the following: 
 1) Manually instantiated XPM_CDC modules: Xilinx recommends that you remove these modules. 
 2) Xilinx IP that contains XPM_CDC modules: Verify the connections to the IP to determine whether you can safely ignore this message.
 [C:/Xilinx/Vivado/2022.2/data/ip/xpm/xpm_cdc/tcl/xpm_cdc_gray.tcl:16]
WARNING: [XPM_CDC_GRAY: TCL-1000] The source and destination clocks are the same. 
     Instance: mb_usb/spi_usb/U0/NO_DUAL_QUAD_MODE.QSPI_NORMAL/QSPI_LEGACY_MD_GEN.QSPI_CORE_INTERFACE_I/FIFO_EXISTS.TX_FIFO_II/xpm_fifo_instance.xpm_fifo_async_inst/gnuram_async_fifo.xpm_fifo_base_inst/gen_cdc_pntr.wr_pntr_cdc_dc_inst 
  This will add unnecessary latency to the design. Please check the design for the following: 
 1) Manually instantiated XPM_CDC modules: Xilinx recommends that you remove these modules. 
 2) Xilinx IP that contains XPM_CDC modules: Verify the connections to the IP to determine whether you can safely ignore this message.
 [C:/Xilinx/Vivado/2022.2/data/ip/xpm/xpm_cdc/tcl/xpm_cdc_gray.tcl:16]
WARNING: [XPM_CDC_GRAY: TCL-1000] The source and destination clocks are the same. 
     Instance: mb_usb/spi_usb/U0/NO_DUAL_QUAD_MODE.QSPI_NORMAL/QSPI_LEGACY_MD_GEN.QSPI_CORE_INTERFACE_I/FIFO_EXISTS.RX_FIFO_II/gnuram_async_fifo.xpm_fifo_base_inst/gen_cdc_pntr.wr_pntr_cdc_dc_inst 
  This will add unnecessary latency to the design. Please check the design for the following: 
 1) Manually instantiated XPM_CDC modules: Xilinx recommends that you remove these modules. 
 2) Xilinx IP that contains XPM_CDC modules: Verify the connections to the IP to determine whether you can safely ignore this message.
 [C:/Xilinx/Vivado/2022.2/data/ip/xpm/xpm_cdc/tcl/xpm_cdc_gray.tcl:16]
WARNING: [XPM_CDC_GRAY: TCL-1000] The source and destination clocks are the same. 
     Instance: mb_usb/spi_usb/U0/NO_DUAL_QUAD_MODE.QSPI_NORMAL/QSPI_LEGACY_MD_GEN.QSPI_CORE_INTERFACE_I/FIFO_EXISTS.TX_FIFO_II/xpm_fifo_instance.xpm_fifo_async_inst/gnuram_async_fifo.xpm_fifo_base_inst/gen_cdc_pntr.rd_pntr_cdc_dc_inst 
  This will add unnecessary latency to the design. Please check the design for the following: 
 1) Manually instantiated XPM_CDC modules: Xilinx recommends that you remove these modules. 
 2) Xilinx IP that contains XPM_CDC modules: Verify the connections to the IP to determine whether you can safely ignore this message.
 [C:/Xilinx/Vivado/2022.2/data/ip/xpm/xpm_cdc/tcl/xpm_cdc_gray.tcl:16]
WARNING: [XPM_CDC_GRAY: TCL-1000] The source and destination clocks are the same. 
     Instance: mb_usb/spi_usb/U0/NO_DUAL_QUAD_MODE.QSPI_NORMAL/QSPI_LEGACY_MD_GEN.QSPI_CORE_INTERFACE_I/FIFO_EXISTS.RX_FIFO_II/gnuram_async_fifo.xpm_fifo_base_inst/gen_cdc_pntr.rd_pntr_cdc_dc_inst 
  This will add unnecessary latency to the design. Please check the design for the following: 
 1) Manually instantiated XPM_CDC modules: Xilinx recommends that you remove these modules. 
 2) Xilinx IP that contains XPM_CDC modules: Verify the connections to the IP to determine whether you can safely ignore this message.
 [C:/Xilinx/Vivado/2022.2/data/ip/xpm/xpm_cdc/tcl/xpm_cdc_gray.tcl:16]
INFO: [Project 1-1714] 14 XPM XDC files have been applied to the design.
INFO: [Opt 31-138] Pushed 0 inverter(s) to 0 load pin(s).
WARNING: [Constraints 18-5572] Instance mb_usb/spi_usb/U0/NO_DUAL_QUAD_MODE.QSPI_NORMAL/IO0_I_REG has IOB constraint set, However, the instance does not seem to have valid I/O connection to be placed into I/O. The constraint on the instance will be ignored.
Generating merged BMM file for the design top 'mb_usb_hdmi_top'...
INFO: [Memdata 28-144] Successfully populated the BRAM INIT strings from the following elf files: c:/Users/sapph/OneDrive/Documents/GitHub/ECE385-SP24/Lab_6/Lab 6.gen/sources_1/bd/mb_block_i/ip/mb_block_i_microblaze_0_0/data/mb_bootloop_le.elf 
Netlist sorting complete. Time (s): cpu = 00:00:00 ; elapsed = 00:00:00.012 . Memory (MB): peak = 2225.488 ; gain = 0.000
INFO: [Project 1-111] Unisim Transformation Summary:
  A total of 247 instances were transformed.
  LUT6_2 => LUT6_2 (LUT5, LUT6): 145 instances
  RAM16X1D => RAM32X1D (RAMD32(x2)): 32 instances
  RAM32M => RAM32M (RAMD32(x6), RAMS32(x2)): 2 instances
  RAM32X1D => RAM32X1D (RAMD32(x2)): 68 instances

open_run: Time (s): cpu = 00:00:11 ; elapsed = 00:00:15 . Memory (MB): peak = 2269.777 ; gain = 1051.324
exit
INFO: [Common 17-206] Exiting Vivado at Thu May  2 14:46:24 2024...
