Copyright 1986-2022 Xilinx, Inc. All Rights Reserved.
------------------------------------------------------------------------------------
| Tool Version : Vivado v.2022.2 (win64) Build 3671981 Fri Oct 14 05:00:03 MDT 2022
| Date         : Sat Apr  6 17:08:32 2024
| Host         : EvanSchool running 64-bit major release  (build 9200)
| Command      : upgrade_ip
| Device       : xc7s50csga324-1
------------------------------------------------------------------------------------

Upgrade Log for IP 'mb_block_i_hdmi_text_controller_0_1'

1. Summary
----------

SUCCESS in the upgrade of mb_block_i_hdmi_text_controller_0_1 (xilinx.com:user:hdmi_text_controller:2.0) from (Rev. 28) to (Rev. 31)






Copyright 1986-2022 Xilinx, Inc. All Rights Reserved.
------------------------------------------------------------------------------------
| Tool Version : Vivado v.2022.2 (win64) Build 3671981 Fri Oct 14 05:00:03 MDT 2022
| Date         : Fri Apr  5 03:56:38 2024
| Host         : EvanSchool running 64-bit major release  (build 9200)
| Command      : upgrade_ip
| Device       : xc7s50csga324-1
------------------------------------------------------------------------------------

Upgrade Log for IP 'mb_block_i_hdmi_text_controller_0_1'

1. Summary
----------

SUCCESS in the upgrade of mb_block_i_hdmi_text_controller_0_1 (xilinx.com:user:hdmi_text_controller:2.0) from (Rev. 27) to (Rev. 28)






Copyright 1986-2022 Xilinx, Inc. All Rights Reserved.
------------------------------------------------------------------------------------
| Tool Version : Vivado v.2022.2 (win64) Build 3671981 Fri Oct 14 05:00:03 MDT 2022
| Date         : Fri Apr  5 03:54:35 2024
| Host         : EvanSchool running 64-bit major release  (build 9200)
| Command      : upgrade_ip
| Device       : xc7s50csga324-1
------------------------------------------------------------------------------------

Upgrade Log for IP 'mb_block_i_hdmi_text_controller_0_1'

1. Summary
----------

SUCCESS in the upgrade of mb_block_i_hdmi_text_controller_0_1 (xilinx.com:user:hdmi_text_controller:2.0) from (Rev. 26) to (Rev. 27)






Copyright 1986-2022 Xilinx, Inc. All Rights Reserved.
------------------------------------------------------------------------------------
| Tool Version : Vivado v.2022.2 (win64) Build 3671981 Fri Oct 14 05:00:03 MDT 2022
| Date         : Fri Apr  5 03:44:25 2024
| Host         : EvanSchool running 64-bit major release  (build 9200)
| Command      : upgrade_ip
| Device       : xc7s50csga324-1
------------------------------------------------------------------------------------

Upgrade Log for IP 'mb_block_i_hdmi_text_controller_0_1'

1. Summary
----------

SUCCESS in the upgrade of mb_block_i_hdmi_text_controller_0_1 (xilinx.com:user:hdmi_text_controller:2.0) from (Rev. 25) to (Rev. 26)






Copyright 1986-2022 Xilinx, Inc. All Rights Reserved.
------------------------------------------------------------------------------------
| Tool Version : Vivado v.2022.2 (win64) Build 3671981 Fri Oct 14 05:00:03 MDT 2022
| Date         : Fri Apr  5 03:08:16 2024
| Host         : EvanSchool running 64-bit major release  (build 9200)
| Command      : upgrade_ip
| Device       : xc7s50csga324-1
------------------------------------------------------------------------------------

Upgrade Log for IP 'mb_block_i_hdmi_text_controller_0_1'

1. Summary
----------

SUCCESS in the upgrade of mb_block_i_hdmi_text_controller_0_1 (xilinx.com:user:hdmi_text_controller:2.0) from (Rev. 24) to (Rev. 25)






Copyright 1986-2022 Xilinx, Inc. All Rights Reserved.
------------------------------------------------------------------------------------
| Tool Version : Vivado v.2022.2 (win64) Build 3671981 Fri Oct 14 05:00:03 MDT 2022
| Date         : Fri Apr  5 02:19:05 2024
| Host         : EvanSchool running 64-bit major release  (build 9200)
| Command      : upgrade_ip
| Device       : xc7s50csga324-1
------------------------------------------------------------------------------------

Upgrade Log for IP 'mb_block_i_hdmi_text_controller_0_1'

1. Summary
----------

SUCCESS in the upgrade of mb_block_i_hdmi_text_controller_0_1 (xilinx.com:user:hdmi_text_controller:2.0) from (Rev. 23) to (Rev. 24)






Copyright 1986-2022 Xilinx, Inc. All Rights Reserved.
------------------------------------------------------------------------------------
| Tool Version : Vivado v.2022.2 (win64) Build 3671981 Fri Oct 14 05:00:03 MDT 2022
| Date         : Thu Apr  4 23:54:39 2024
| Host         : EvanSchool running 64-bit major release  (build 9200)
| Command      : upgrade_ip
| Device       : xc7s50csga324-1
------------------------------------------------------------------------------------

Upgrade Log for IP 'mb_block_i_hdmi_text_controller_0_1'

1. Summary
----------

SUCCESS in the upgrade of mb_block_i_hdmi_text_controller_0_1 (xilinx.com:user:hdmi_text_controller:2.0) from (Rev. 22) to (Rev. 23)






Copyright 1986-2022 Xilinx, Inc. All Rights Reserved.
------------------------------------------------------------------------------------
| Tool Version : Vivado v.2022.2 (win64) Build 3671981 Fri Oct 14 05:00:03 MDT 2022
| Date         : Thu Apr  4 23:18:22 2024
| Host         : EvanSchool running 64-bit major release  (build 9200)
| Command      : upgrade_ip
| Device       : xc7s50csga324-1
------------------------------------------------------------------------------------

Upgrade Log for IP 'mb_block_i_hdmi_text_controller_0_1'

1. Summary
----------

SUCCESS in the upgrade of mb_block_i_hdmi_text_controller_0_1 (xilinx.com:user:hdmi_text_controller:2.0) from (Rev. 21) to (Rev. 22)






Copyright 1986-2022 Xilinx, Inc. All Rights Reserved.
------------------------------------------------------------------------------------
| Tool Version : Vivado v.2022.2 (win64) Build 3671981 Fri Oct 14 05:00:03 MDT 2022
| Date         : Thu Apr  4 18:46:57 2024
| Host         : V running 64-bit major release  (build 9200)
| Command      : upgrade_ip
| Device       : xc7s50csga324-1
------------------------------------------------------------------------------------

Upgrade Log for IP 'mb_block_i_hdmi_text_controller_0_1'

1. Summary
----------

SUCCESS in the upgrade of mb_block_i_hdmi_text_controller_0_1 (xilinx.com:user:hdmi_text_controller:2.0) from (Rev. 20) to (Rev. 21)






Copyright 1986-2022 Xilinx, Inc. All Rights Reserved.
------------------------------------------------------------------------------------
| Tool Version : Vivado v.2022.2 (win64) Build 3671981 Fri Oct 14 05:00:03 MDT 2022
| Date         : Thu Apr  4 17:49:19 2024
| Host         : V running 64-bit major release  (build 9200)
| Command      : upgrade_ip
| Device       : xc7s50csga324-1
------------------------------------------------------------------------------------

Upgrade Log for IP 'mb_block_i_hdmi_text_controller_0_1'

1. Summary
----------

SUCCESS in the upgrade of mb_block_i_hdmi_text_controller_0_1 (xilinx.com:user:hdmi_text_controller:2.0) from (Rev. 19) to (Rev. 20)






Copyright 1986-2022 Xilinx, Inc. All Rights Reserved.
------------------------------------------------------------------------------------
| Tool Version : Vivado v.2022.2 (win64) Build 3671981 Fri Oct 14 05:00:03 MDT 2022
| Date         : Thu Apr  4 15:32:25 2024
| Host         : V running 64-bit major release  (build 9200)
| Command      : upgrade_ip
| Device       : xc7s50csga324-1
------------------------------------------------------------------------------------

Upgrade Log for IP 'mb_block_i_hdmi_text_controller_0_1'

1. Summary
----------

SUCCESS in the upgrade of mb_block_i_hdmi_text_controller_0_1 (xilinx.com:user:hdmi_text_controller:2.0) from (Rev. 18) to (Rev. 19)






Copyright 1986-2022 Xilinx, Inc. All Rights Reserved.
------------------------------------------------------------------------------------
| Tool Version : Vivado v.2022.2 (win64) Build 3671981 Fri Oct 14 05:00:03 MDT 2022
| Date         : Thu Apr  4 01:16:53 2024
| Host         : V running 64-bit major release  (build 9200)
| Command      : upgrade_ip
| Device       : xc7s50csga324-1
------------------------------------------------------------------------------------

Upgrade Log for IP 'mb_block_i_hdmi_text_controller_0_1'

1. Summary
----------

SUCCESS in the upgrade of mb_block_i_hdmi_text_controller_0_1 (xilinx.com:user:hdmi_text_controller:2.0) from (Rev. 17) to (Rev. 18)






Copyright 1986-2022 Xilinx, Inc. All Rights Reserved.
------------------------------------------------------------------------------------
| Tool Version : Vivado v.2022.2 (win64) Build 3671981 Fri Oct 14 05:00:03 MDT 2022
| Date         : Wed Apr  3 21:49:58 2024
| Host         : EvanSchool running 64-bit major release  (build 9200)
| Command      : upgrade_ip
| Device       : xc7s50csga324-1
------------------------------------------------------------------------------------

Upgrade Log for IP 'mb_block_i_hdmi_text_controller_0_1'

1. Summary
----------

SUCCESS in the upgrade of mb_block_i_hdmi_text_controller_0_1 (xilinx.com:user:hdmi_text_controller:2.0) from (Rev. 16) to (Rev. 17)






Copyright 1986-2022 Xilinx, Inc. All Rights Reserved.
------------------------------------------------------------------------------------
| Tool Version : Vivado v.2022.2 (win64) Build 3671981 Fri Oct 14 05:00:03 MDT 2022
| Date         : Wed Apr  3 21:43:04 2024
| Host         : EvanSchool running 64-bit major release  (build 9200)
| Command      : upgrade_ip
| Device       : xc7s50csga324-1
------------------------------------------------------------------------------------

Upgrade Log for IP 'mb_block_i_hdmi_text_controller_0_1'

1. Summary
----------

SUCCESS in the upgrade of mb_block_i_hdmi_text_controller_0_1 (xilinx.com:user:hdmi_text_controller:2.0) from (Rev. 15) to (Rev. 16)






Copyright 1986-2022 Xilinx, Inc. All Rights Reserved.
------------------------------------------------------------------------------------
| Tool Version : Vivado v.2022.2 (win64) Build 3671981 Fri Oct 14 05:00:03 MDT 2022
| Date         : Wed Apr  3 21:38:44 2024
| Host         : EvanSchool running 64-bit major release  (build 9200)
| Command      : upgrade_ip
| Device       : xc7s50csga324-1
------------------------------------------------------------------------------------

Upgrade Log for IP 'mb_block_i_hdmi_text_controller_0_1'

1. Summary
----------

SUCCESS in the upgrade of mb_block_i_hdmi_text_controller_0_1 (xilinx.com:user:hdmi_text_controller:2.0) from (Rev. 14) to (Rev. 15)






Copyright 1986-2022 Xilinx, Inc. All Rights Reserved.
------------------------------------------------------------------------------------
| Tool Version : Vivado v.2022.2 (win64) Build 3671981 Fri Oct 14 05:00:03 MDT 2022
| Date         : Wed Apr  3 21:34:26 2024
| Host         : EvanSchool running 64-bit major release  (build 9200)
| Command      : upgrade_ip
| Device       : xc7s50csga324-1
------------------------------------------------------------------------------------

Upgrade Log for IP 'mb_block_i_hdmi_text_controller_0_1'

1. Summary
----------

SUCCESS in the upgrade of mb_block_i_hdmi_text_controller_0_1 (xilinx.com:user:hdmi_text_controller:2.0) from (Rev. 13) to (Rev. 14)






Copyright 1986-2022 Xilinx, Inc. All Rights Reserved.
------------------------------------------------------------------------------------
| Tool Version : Vivado v.2022.2 (win64) Build 3671981 Fri Oct 14 05:00:03 MDT 2022
| Date         : Wed Apr  3 21:29:46 2024
| Host         : EvanSchool running 64-bit major release  (build 9200)
| Command      : upgrade_ip
| Device       : xc7s50csga324-1
------------------------------------------------------------------------------------

Upgrade Log for IP 'mb_block_i_hdmi_text_controller_0_1'

1. Summary
----------

SUCCESS in the upgrade of mb_block_i_hdmi_text_controller_0_1 (xilinx.com:user:hdmi_text_controller:2.0) from (Rev. 11) to (Rev. 13)






Copyright 1986-2022 Xilinx, Inc. All Rights Reserved.
------------------------------------------------------------------------------------
| Tool Version : Vivado v.2022.2 (win64) Build 3671981 Fri Oct 14 05:00:03 MDT 2022
| Date         : Wed Apr  3 14:20:20 2024
| Host         : EvanSchool running 64-bit major release  (build 9200)
| Command      : upgrade_ip
| Device       : xc7s50csga324-1
------------------------------------------------------------------------------------

Upgrade Log for IP 'mb_block_i_hdmi_text_controller_0_1'

1. Summary
----------

SUCCESS in the upgrade of mb_block_i_hdmi_text_controller_0_1 (xilinx.com:user:hdmi_text_controller:2.0) from (Rev. 10) to (Rev. 11)






Copyright 1986-2022 Xilinx, Inc. All Rights Reserved.
------------------------------------------------------------------------------------
| Tool Version : Vivado v.2022.2 (win64) Build 3671981 Fri Oct 14 05:00:03 MDT 2022
| Date         : Wed Apr  3 11:16:36 2024
| Host         : V running 64-bit major release  (build 9200)
| Command      : upgrade_ip
| Device       : xc7s50csga324-1
------------------------------------------------------------------------------------

Upgrade Log for IP 'mb_block_i_hdmi_text_controller_0_1'

1. Summary
----------

SUCCESS in the upgrade of mb_block_i_hdmi_text_controller_0_1 (xilinx.com:user:hdmi_text_controller:2.0) from (Rev. 9) to (Rev. 10)






Copyright 1986-2022 Xilinx, Inc. All Rights Reserved.
------------------------------------------------------------------------------------
| Tool Version : Vivado v.2022.2 (win64) Build 3671981 Fri Oct 14 05:00:03 MDT 2022
| Date         : Wed Apr  3 10:53:34 2024
| Host         : V running 64-bit major release  (build 9200)
| Command      : upgrade_ip
| Device       : xc7s50csga324-1
------------------------------------------------------------------------------------

Upgrade Log for IP 'mb_block_i_hdmi_text_controller_0_1'

1. Summary
----------

SUCCESS in the conversion of mb_block_i_hdmi_text_controller_0_1 (xilinx.com:user:hdmi_text_controller:2.0 (Rev. 9)) to Vivado generation flows.






Copyright 1986-2022 Xilinx, Inc. All Rights Reserved.
------------------------------------------------------------------------------------
| Tool Version : Vivado v.2022.2 (win64) Build 3671981 Fri Oct 14 05:00:03 MDT 2022
| Date         : Wed Apr  3 01:35:01 2024
| Host         : V running 64-bit major release  (build 9200)
| Command      : upgrade_ip
| Device       : xc7s50csga324-1
------------------------------------------------------------------------------------

Upgrade Log for IP 'mb_block_i_hdmi_text_controller_0_1'

1. Summary
----------

SUCCESS in the conversion of mb_block_i_hdmi_text_controller_0_1 (xilinx.com:user:hdmi_text_controller:2.0 (Rev. 9)) to Vivado generation flows.






Copyright 1986-2022 Xilinx, Inc. All Rights Reserved.
------------------------------------------------------------------------------------
| Tool Version : Vivado v.2022.2 (win64) Build 3671981 Fri Oct 14 05:00:03 MDT 2022
| Date         : Wed Apr  3 01:24:19 2024
| Host         : V running 64-bit major release  (build 9200)
| Command      : upgrade_ip
| Device       : xc7s50csga324-1
------------------------------------------------------------------------------------

Upgrade Log for IP 'mb_block_i_hdmi_text_controller_0_1'

1. Summary
----------

SUCCESS in the conversion of mb_block_i_hdmi_text_controller_0_1 (xilinx.com:user:hdmi_text_controller:2.0 (Rev. 9)) to Vivado generation flows.






Copyright 1986-2022 Xilinx, Inc. All Rights Reserved.
------------------------------------------------------------------------------------
| Tool Version : Vivado v.2022.2 (win64) Build 3671981 Fri Oct 14 05:00:03 MDT 2022
| Date         : Tue Apr  2 21:46:49 2024
| Host         : EvanSchool running 64-bit major release  (build 9200)
| Command      : upgrade_ip
| Device       : xc7s50csga324-1
------------------------------------------------------------------------------------

Upgrade Log for IP 'mb_block_i_hdmi_text_controller_0_1'

1. Summary
----------

SUCCESS in the upgrade of mb_block_i_hdmi_text_controller_0_1 (xilinx.com:user:hdmi_text_controller:2.0) from (Rev. 8) to (Rev. 9)






Copyright 1986-2022 Xilinx, Inc. All Rights Reserved.
------------------------------------------------------------------------------------
| Tool Version : Vivado v.2022.2 (win64) Build 3671981 Fri Oct 14 05:00:03 MDT 2022
| Date         : Tue Apr  2 21:43:25 2024
| Host         : EvanSchool running 64-bit major release  (build 9200)
| Command      : upgrade_ip
| Device       : xc7s50csga324-1
------------------------------------------------------------------------------------

Upgrade Log for IP 'mb_block_i_hdmi_text_controller_0_1'

1. Summary
----------

SUCCESS in the upgrade of mb_block_i_hdmi_text_controller_0_1 (xilinx.com:user:hdmi_text_controller:2.0) from (Rev. 7) to (Rev. 8)

