#-----------------------------------------------------------
# Vivado v2022.2 (64-bit)
# SW Build 3671981 on Fri Oct 14 05:00:03 MDT 2022
# IP Build 3669848 on Fri Oct 14 08:30:02 MDT 2022
# Start of session at: Tue Apr  2 20:48:08 2024
# Process ID: 12636
# Current directory: C:/Users/sapph/OneDrive/Documents/GitHub/ECE385-SP24/Lab7
# Command line: vivado.exe -gui_launcher_event rodinguilauncherevent26596 C:\Users\sapph\OneDrive\Documents\GitHub\ECE385-SP24\Lab7\Lab7.xpr
# Log file: C:/Users/sapph/OneDrive/Documents/GitHub/ECE385-SP24/Lab7/vivado.log
# Journal file: C:/Users/sapph/OneDrive/Documents/GitHub/ECE385-SP24/Lab7\vivado.jou
# Running On: EvanSchool, OS: Windows, CPU Frequency: 3110 MHz, CPU Physical cores: 12, Host memory: 16831 MB
#-----------------------------------------------------------
start_gui
open_project C:/Users/sapph/OneDrive/Documents/GitHub/ECE385-SP24/Lab7/Lab7.xpr
WARNING: [Board 49-26] cannot add Board Part xilinx.com:ac701:part0:1.4 available at C:/Xilinx/Vivado/2022.2/data/xhub/boards/XilinxBoardStore/boards/Xilinx/ac701/1.4/board.xml as part xc7a200tfbg676-2 specified in board_part file is either invalid or not available
WARNING: [Board 49-26] cannot add Board Part xilinx.com:k26c:part0:1.2 available at C:/Xilinx/Vivado/2022.2/data/xhub/boards/XilinxBoardStore/boards/Xilinx/k26c/1.2/board.xml as part xck26-sfvc784-2lv-c specified in board_part file is either invalid or not available
WARNING: [Board 49-26] cannot add Board Part xilinx.com:k26c:part0:1.3 available at C:/Xilinx/Vivado/2022.2/data/xhub/boards/XilinxBoardStore/boards/Xilinx/k26c/1.3/board.xml as part xck26-sfvc784-2lv-c specified in board_part file is either invalid or not available
WARNING: [Board 49-26] cannot add Board Part xilinx.com:k26c:part0:1.4 available at C:/Xilinx/Vivado/2022.2/data/xhub/boards/XilinxBoardStore/boards/Xilinx/k26c/1.4/board.xml as part xck26-sfvc784-2lv-c specified in board_part file is either invalid or not available
WARNING: [Board 49-26] cannot add Board Part xilinx.com:k26i:part0:1.2 available at C:/Xilinx/Vivado/2022.2/data/xhub/boards/XilinxBoardStore/boards/Xilinx/k26i/1.2/board.xml as part xck26-sfvc784-2lvi-i specified in board_part file is either invalid or not available
WARNING: [Board 49-26] cannot add Board Part xilinx.com:k26i:part0:1.3 available at C:/Xilinx/Vivado/2022.2/data/xhub/boards/XilinxBoardStore/boards/Xilinx/k26i/1.3/board.xml as part xck26-sfvc784-2lvi-i specified in board_part file is either invalid or not available
WARNING: [Board 49-26] cannot add Board Part xilinx.com:k26i:part0:1.4 available at C:/Xilinx/Vivado/2022.2/data/xhub/boards/XilinxBoardStore/boards/Xilinx/k26i/1.4/board.xml as part xck26-sfvc784-2lvi-i specified in board_part file is either invalid or not available
WARNING: [Board 49-26] cannot add Board Part xilinx.com:kc705:part0:1.6 available at C:/Xilinx/Vivado/2022.2/data/xhub/boards/XilinxBoardStore/boards/Xilinx/kc705/1.6/board.xml as part xc7k325tffg900-2 specified in board_part file is either invalid or not available
WARNING: [Board 49-26] cannot add Board Part xilinx.com:kcu105:part0:1.6 available at C:/Xilinx/Vivado/2022.2/data/xhub/boards/XilinxBoardStore/boards/Xilinx/kcu105/1.6/board.xml as part xcku040-ffva1156-2-e specified in board_part file is either invalid or not available
WARNING: [Board 49-26] cannot add Board Part xilinx.com:kcu105:part0:1.7 available at C:/Xilinx/Vivado/2022.2/data/xhub/boards/XilinxBoardStore/boards/Xilinx/kcu105/1.7/board.xml as part xcku040-ffva1156-2-e specified in board_part file is either invalid or not available
WARNING: [Board 49-26] cannot add Board Part xilinx.com:kcu116:part0:1.4 available at C:/Xilinx/Vivado/2022.2/data/xhub/boards/XilinxBoardStore/boards/Xilinx/kcu116/1.4/board.xml as part xcku5p-ffvb676-2-e specified in board_part file is either invalid or not available
WARNING: [Board 49-26] cannot add Board Part xilinx.com:kcu116:part0:1.5 available at C:/Xilinx/Vivado/2022.2/data/xhub/boards/XilinxBoardStore/boards/Xilinx/kcu116/1.5/board.xml as part xcku5p-ffvb676-2-e specified in board_part file is either invalid or not available
WARNING: [Board 49-26] cannot add Board Part xilinx.com:kcu1500:part0:1.2 available at C:/Xilinx/Vivado/2022.2/data/xhub/boards/XilinxBoardStore/boards/Xilinx/kcu1500/1.2/board.xml as part xcku115-flvb2104-2-e specified in board_part file is either invalid or not available
WARNING: [Board 49-26] cannot add Board Part xilinx.com:kr260_som:part0:1.0 available at C:/Xilinx/Vivado/2022.2/data/xhub/boards/XilinxBoardStore/boards/Xilinx/kr260_som/1.0/board.xml as part xck26-sfvc784-2lv-c specified in board_part file is either invalid or not available
WARNING: [Board 49-26] cannot add Board Part xilinx.com:kr260_som:part0:1.1 available at C:/Xilinx/Vivado/2022.2/data/xhub/boards/XilinxBoardStore/boards/Xilinx/kr260_som/1.1/board.xml as part xck26-sfvc784-2lv-c specified in board_part file is either invalid or not available
WARNING: [Board 49-26] cannot add Board Part xilinx.com:kv260_som:part0:1.2 available at C:/Xilinx/Vivado/2022.2/data/xhub/boards/XilinxBoardStore/boards/Xilinx/kv260_som/1.2/board.xml as part xck26-sfvc784-2lv-c specified in board_part file is either invalid or not available
WARNING: [Board 49-26] cannot add Board Part xilinx.com:kv260_som:part0:1.3 available at C:/Xilinx/Vivado/2022.2/data/xhub/boards/XilinxBoardStore/boards/Xilinx/kv260_som/1.3/board.xml as part xck26-sfvc784-2lv-c specified in board_part file is either invalid or not available
WARNING: [Board 49-26] cannot add Board Part xilinx.com:kv260_som:part0:1.4 available at C:/Xilinx/Vivado/2022.2/data/xhub/boards/XilinxBoardStore/boards/Xilinx/kv260_som/1.4/board.xml as part xck26-sfvc784-2lv-c specified in board_part file is either invalid or not available
WARNING: [Board 49-26] cannot add Board Part xilinx.com:vc707:part0:1.4 available at C:/Xilinx/Vivado/2022.2/data/xhub/boards/XilinxBoardStore/boards/Xilinx/vc707/1.4/board.xml as part xc7vx485tffg1761-2 specified in board_part file is either invalid or not available
WARNING: [Board 49-26] cannot add Board Part xilinx.com:vc709:part0:1.8 available at C:/Xilinx/Vivado/2022.2/data/xhub/boards/XilinxBoardStore/boards/Xilinx/vc709/1.8/board.xml as part xc7vx690tffg1761-2 specified in board_part file is either invalid or not available
WARNING: [Board 49-26] cannot add Board Part xilinx.com:vck190:part0:2.2 available at C:/Xilinx/Vivado/2022.2/data/xhub/boards/XilinxBoardStore/boards/Xilinx/vck190/production/2.2/board.xml as part xcvc1902-vsva2197-2mp-e-s specified in board_part file is either invalid or not available
WARNING: [Board 49-26] cannot add Board Part xilinx.com:vck190:part0:3.0 available at C:/Xilinx/Vivado/2022.2/data/xhub/boards/XilinxBoardStore/boards/Xilinx/vck190/production/3.0/board.xml as part xcvc1902-vsva2197-2mp-e-s specified in board_part file is either invalid or not available
WARNING: [Board 49-26] cannot add Board Part xilinx.com:vck190:part0:3.1 available at C:/Xilinx/Vivado/2022.2/data/xhub/boards/XilinxBoardStore/boards/Xilinx/vck190/production/3.1/board.xml as part xcvc1902-vsva2197-2mp-e-s specified in board_part file is either invalid or not available
WARNING: [Board 49-26] cannot add Board Part xilinx.com:vck190_newl:part0:1.0 available at C:/Xilinx/Vivado/2022.2/data/xhub/boards/XilinxBoardStore/boards/Xilinx/vck190_newl/production/1.0/board.xml as part xcvc1902-vsva2197-2mp-e-s specified in board_part file is either invalid or not available
WARNING: [Board 49-26] cannot add Board Part xilinx.com:vcu108:part0:1.6 available at C:/Xilinx/Vivado/2022.2/data/xhub/boards/XilinxBoardStore/boards/Xilinx/vcu108/1.6/board.xml as part xcvu095-ffva2104-2-e specified in board_part file is either invalid or not available
WARNING: [Board 49-26] cannot add Board Part xilinx.com:vcu108:part0:1.7 available at C:/Xilinx/Vivado/2022.2/data/xhub/boards/XilinxBoardStore/boards/Xilinx/vcu108/1.7/board.xml as part xcvu095-ffva2104-2-e specified in board_part file is either invalid or not available
WARNING: [Board 49-26] cannot add Board Part xilinx.com:vcu110:part0:1.4 available at C:/Xilinx/Vivado/2022.2/data/xhub/boards/XilinxBoardStore/boards/Xilinx/vcu110/1.4/board.xml as part xcvu190-flgc2104-2-e specified in board_part file is either invalid or not available
WARNING: [Board 49-26] cannot add Board Part xilinx.com:vcu118:part0:2.0 available at C:/Xilinx/Vivado/2022.2/data/xhub/boards/XilinxBoardStore/boards/Xilinx/vcu118/2.0/board.xml as part xcvu9p-flga2104-2l-e specified in board_part file is either invalid or not available
WARNING: [Board 49-26] cannot add Board Part xilinx.com:vcu118:part0:2.3 available at C:/Xilinx/Vivado/2022.2/data/xhub/boards/XilinxBoardStore/boards/Xilinx/vcu118/2.3/board.xml as part xcvu9p-flga2104-2l-e specified in board_part file is either invalid or not available
WARNING: [Board 49-26] cannot add Board Part xilinx.com:vcu118:part0:2.4 available at C:/Xilinx/Vivado/2022.2/data/xhub/boards/XilinxBoardStore/boards/Xilinx/vcu118/2.4/board.xml as part xcvu9p-flga2104-2l-e specified in board_part file is either invalid or not available
WARNING: [Board 49-26] cannot add Board Part xilinx.com:vcu128:part0:1.0 available at C:/Xilinx/Vivado/2022.2/data/xhub/boards/XilinxBoardStore/boards/Xilinx/vcu128/production/1.0/board.xml as part xcvu37p-fsvh2892-2l-e specified in board_part file is either invalid or not available
WARNING: [Board 49-26] cannot add Board Part xilinx.com:vcu129:part0:1.0 available at C:/Xilinx/Vivado/2022.2/data/xhub/boards/XilinxBoardStore/boards/Xilinx/vcu129/production/1.0/board.xml as part xcvu29p-fsga2577-2l-e specified in board_part file is either invalid or not available
WARNING: [Board 49-26] cannot add Board Part xilinx.com:vcu1525:part0:1.3 available at C:/Xilinx/Vivado/2022.2/data/xhub/boards/XilinxBoardStore/boards/Xilinx/vcu1525/1.3/board.xml as part xcvu9p-fsgd2104-2l-e specified in board_part file is either invalid or not available
WARNING: [Board 49-26] cannot add Board Part xilinx.com:vek280_es:part0:1.0 available at C:/Xilinx/Vivado/2022.2/data/xhub/boards/XilinxBoardStore/boards/Xilinx/vek280/es/1.0/board.xml as part xcve2802-vsvh1760-2lp-e-s-es1 specified in board_part file is either invalid or not available
WARNING: [Board 49-26] cannot add Board Part xilinx.com:vermeo_t1_mpsoc:part0:1.0 available at C:/Xilinx/Vivado/2022.2/data/xhub/boards/XilinxBoardStore/boards/Xilinx/vermeo_t1_mpsoc/1.0/board.xml as part xczu19eg-ffvd1760-2l-e specified in board_part file is either invalid or not available
WARNING: [Board 49-26] cannot add Board Part xilinx.com:vermeo_t1_rfsoc:part0:1.0 available at C:/Xilinx/Vivado/2022.2/data/xhub/boards/XilinxBoardStore/boards/Xilinx/vermeo_t1_rfsoc/1.0/board.xml as part xczu21dr-ffvd1156-2l-e specified in board_part file is either invalid or not available
WARNING: [Board 49-26] cannot add Board Part xilinx.com:vhk158_es:part0:1.0 available at C:/Xilinx/Vivado/2022.2/data/xhub/boards/XilinxBoardStore/boards/Xilinx/vhk158/es/1.0/board.xml as part xcvh1582-vsva3697-2mp-e-s-es1 specified in board_part file is either invalid or not available
WARNING: [Board 49-26] cannot add Board Part xilinx.com:vmk180:part0:2.2 available at C:/Xilinx/Vivado/2022.2/data/xhub/boards/XilinxBoardStore/boards/Xilinx/vmk180/production/2.2/board.xml as part xcvm1802-vsva2197-2mp-e-s specified in board_part file is either invalid or not available
WARNING: [Board 49-26] cannot add Board Part xilinx.com:vmk180:part0:3.0 available at C:/Xilinx/Vivado/2022.2/data/xhub/boards/XilinxBoardStore/boards/Xilinx/vmk180/production/3.0/board.xml as part xcvm1802-vsva2197-2mp-e-s specified in board_part file is either invalid or not available
WARNING: [Board 49-26] cannot add Board Part xilinx.com:vmk180:part0:3.1 available at C:/Xilinx/Vivado/2022.2/data/xhub/boards/XilinxBoardStore/boards/Xilinx/vmk180/production/3.1/board.xml as part xcvm1802-vsva2197-2mp-e-s specified in board_part file is either invalid or not available
WARNING: [Board 49-26] cannot add Board Part xilinx.com:vmk180_newl:part0:1.0 available at C:/Xilinx/Vivado/2022.2/data/xhub/boards/XilinxBoardStore/boards/Xilinx/vmk180_newl/production/1.0/board.xml as part xcvm1802-vsva2197-2mp-e-s specified in board_part file is either invalid or not available
WARNING: [Board 49-26] cannot add Board Part xilinx.com:vpk120:part0:1.0 available at C:/Xilinx/Vivado/2022.2/data/xhub/boards/XilinxBoardStore/boards/Xilinx/vpk120/production/1.0/board.xml as part xcvp1202-vsva2785-2mp-e-s specified in board_part file is either invalid or not available
WARNING: [Board 49-26] cannot add Board Part xilinx.com:vpk120_es:part0:1.2 available at C:/Xilinx/Vivado/2022.2/data/xhub/boards/XilinxBoardStore/boards/Xilinx/vpk120/es/1.2/board.xml as part xcvp1202-vsva2785-2mp-e-s-es1 specified in board_part file is either invalid or not available
WARNING: [Board 49-26] cannot add Board Part xilinx.com:vpk120_es_revb:part0:1.0 available at C:/Xilinx/Vivado/2022.2/data/xhub/boards/XilinxBoardStore/boards/Xilinx/vpk120_revb/es/1.0/board.xml as part xcvp1202-vsva2785-2mp-e-s-es1 specified in board_part file is either invalid or not available
WARNING: [Board 49-26] cannot add Board Part xilinx.com:vpk180_es:part0:1.0 available at C:/Xilinx/Vivado/2022.2/data/xhub/boards/XilinxBoardStore/boards/Xilinx/vpk180/es/1.0/board.xml as part xcvp1802-lsvc4072-2mp-e-s-es1 specified in board_part file is either invalid or not available
WARNING: [Board 49-26] cannot add Board Part xilinx.com:zc702:part0:1.4 available at C:/Xilinx/Vivado/2022.2/data/xhub/boards/XilinxBoardStore/boards/Xilinx/zc702/1.4/board.xml as part xc7z020clg484-1 specified in board_part file is either invalid or not available
WARNING: [Board 49-26] cannot add Board Part xilinx.com:zc706:part0:1.4 available at C:/Xilinx/Vivado/2022.2/data/xhub/boards/XilinxBoardStore/boards/Xilinx/zc706/1.4/board.xml as part xc7z045ffg900-2 specified in board_part file is either invalid or not available
WARNING: [Board 49-26] cannot add Board Part xilinx.com:zcu102:part0:3.3 available at C:/Xilinx/Vivado/2022.2/data/xhub/boards/XilinxBoardStore/boards/Xilinx/zcu102/3.3/board.xml as part xczu9eg-ffvb1156-2-e specified in board_part file is either invalid or not available
WARNING: [Board 49-26] cannot add Board Part xilinx.com:zcu102:part0:3.4 available at C:/Xilinx/Vivado/2022.2/data/xhub/boards/XilinxBoardStore/boards/Xilinx/zcu102/3.4/board.xml as part xczu9eg-ffvb1156-2-e specified in board_part file is either invalid or not available
WARNING: [Board 49-26] cannot add Board Part xilinx.com:zcu104:part0:1.1 available at C:/Xilinx/Vivado/2022.2/data/xhub/boards/XilinxBoardStore/boards/Xilinx/zcu104/1.1/board.xml as part xczu7ev-ffvc1156-2-e specified in board_part file is either invalid or not available
WARNING: [Board 49-26] cannot add Board Part xilinx.com:zcu106:part0:2.4 available at C:/Xilinx/Vivado/2022.2/data/xhub/boards/XilinxBoardStore/boards/Xilinx/zcu106/2.4/board.xml as part xczu7ev-ffvc1156-2-e specified in board_part file is either invalid or not available
WARNING: [Board 49-26] cannot add Board Part xilinx.com:zcu106:part0:2.5 available at C:/Xilinx/Vivado/2022.2/data/xhub/boards/XilinxBoardStore/boards/Xilinx/zcu106/2.5/board.xml as part xczu7ev-ffvc1156-2-e specified in board_part file is either invalid or not available
WARNING: [Board 49-26] cannot add Board Part xilinx.com:zcu106:part0:2.6 available at C:/Xilinx/Vivado/2022.2/data/xhub/boards/XilinxBoardStore/boards/Xilinx/zcu106/2.6/board.xml as part xczu7ev-ffvc1156-2-e specified in board_part file is either invalid or not available
WARNING: [Board 49-26] cannot add Board Part xilinx.com:zcu111:part0:1.2 available at C:/Xilinx/Vivado/2022.2/data/xhub/boards/XilinxBoardStore/boards/Xilinx/zcu111/1.2/board.xml as part xczu28dr-ffvg1517-2-e specified in board_part file is either invalid or not available
WARNING: [Board 49-26] cannot add Board Part xilinx.com:zcu111:part0:1.3 available at C:/Xilinx/Vivado/2022.2/data/xhub/boards/XilinxBoardStore/boards/Xilinx/zcu111/1.3/board.xml as part xczu28dr-ffvg1517-2-e specified in board_part file is either invalid or not available
WARNING: [Board 49-26] cannot add Board Part xilinx.com:zcu111:part0:1.4 available at C:/Xilinx/Vivado/2022.2/data/xhub/boards/XilinxBoardStore/boards/Xilinx/zcu111/1.4/board.xml as part xczu28dr-ffvg1517-2-e specified in board_part file is either invalid or not available
WARNING: [Board 49-26] cannot add Board Part xilinx.com:zcu1275:part0:1.0 available at C:/Xilinx/Vivado/2022.2/data/xhub/boards/XilinxBoardStore/boards/Xilinx/zcu1275/1.0/board.xml as part xczu29dr-ffvf1760-2-e specified in board_part file is either invalid or not available
WARNING: [Board 49-26] cannot add Board Part xilinx.com:zcu1285:part0:1.0 available at C:/Xilinx/Vivado/2022.2/data/xhub/boards/XilinxBoardStore/boards/Xilinx/zcu1285/1.0/board.xml as part xczu39dr-ffvf1760-2-i specified in board_part file is either invalid or not available
WARNING: [Board 49-26] cannot add Board Part xilinx.com:zcu208:part0:2.0 available at C:/Xilinx/Vivado/2022.2/data/xhub/boards/XilinxBoardStore/boards/Xilinx/zcu208/production/2.0/board.xml as part xczu48dr-fsvg1517-2-e specified in board_part file is either invalid or not available
WARNING: [Board 49-26] cannot add Board Part xilinx.com:zcu208ld:part0:2.0 available at C:/Xilinx/Vivado/2022.2/data/xhub/boards/XilinxBoardStore/boards/Xilinx/zcu208ld/production/2.0/board.xml as part xczu58dr-fsvg1517-2-i specified in board_part file is either invalid or not available
WARNING: [Board 49-26] cannot add Board Part xilinx.com:zcu216:part0:2.0 available at C:/Xilinx/Vivado/2022.2/data/xhub/boards/XilinxBoardStore/boards/Xilinx/zcu216/production/2.0/board.xml as part xczu49dr-ffvf1760-2-e specified in board_part file is either invalid or not available
WARNING: [Board 49-26] cannot add Board Part xilinx.com:zcu216ld:part0:2.0 available at C:/Xilinx/Vivado/2022.2/data/xhub/boards/XilinxBoardStore/boards/Xilinx/zcu216ld/production/2.0/board.xml as part xczu59dr-ffvf1760-2-i specified in board_part file is either invalid or not available
WARNING: [Board 49-26] cannot add Board Part xilinx.com:zcu670:part0:2.0 available at C:/Xilinx/Vivado/2022.2/data/xhub/boards/XilinxBoardStore/boards/Xilinx/zcu670/2.0/board.xml as part xczu67dr-fsve1156-2-i specified in board_part file is either invalid or not available
WARNING: [Board 49-26] cannot add Board Part xilinx.com:zcu670ld:part0:1.0 available at C:/Xilinx/Vivado/2022.2/data/xhub/boards/XilinxBoardStore/boards/Xilinx/zcu670ld/1.0/board.xml as part xczu57dr-fsve1156-2-i specified in board_part file is either invalid or not available
Scanning sources...
Finished scanning sources
INFO: [IP_Flow 19-234] Refreshing IP repositories
INFO: [IP_Flow 19-1700] Loaded user IP repository 'c:/Users/sapph/OneDrive/Documents/GitHub/ECE385-SP24/ip_repo/hdmi_text_controller_2_0'.
INFO: [IP_Flow 19-1700] Loaded user IP repository 'c:/Users/sapph/OneDrive/Documents/GitHub/ECE385-SP24/ip_repo/hdmi_text_controller_1_0'.
WARNING: [IP_Flow 19-2207] Repository 'c:/Users/sapph/OneDrive/Documents/GitHub/ECE385-SP24/ip_repo/hdmi_text_controller_1_0' already exists; ignoring attempt to add it again.
INFO: [IP_Flow 19-1700] Loaded user IP repository 'c:/Users/sapph/OneDrive/Documents/GitHub/ECE385-SP24/ip_repo/hdmi_text_controller_1_0'.
INFO: [IP_Flow 19-1700] Loaded user IP repository 'c:/Users/sapph/OneDrive/Documents/GitHub/ECE385-SP24/Lab_6/hdmi_tx_1.0'.
INFO: [IP_Flow 19-2313] Loaded Vivado IP repository 'C:/Xilinx/Vivado/2022.2/data/ip'.
WARNING: [IP_Flow 19-3664] IP 'mb_block_i_hdmi_text_controller_0_0' generated file not found 'c:/Users/sapph/OneDrive/Documents/GitHub/ECE385-SP24/Lab7/Lab7.gen/sources_1/bd/mb_block_i/ip/mb_block_i_hdmi_text_controller_0_0/mb_block_i_hdmi_text_controller_0_0.dcp'. Please regenerate to continue.
WARNING: [IP_Flow 19-3664] IP 'mb_block_i_hdmi_text_controller_0_0' generated file not found 'c:/Users/sapph/OneDrive/Documents/GitHub/ECE385-SP24/Lab7/Lab7.gen/sources_1/bd/mb_block_i/ip/mb_block_i_hdmi_text_controller_0_0/mb_block_i_hdmi_text_controller_0_0_stub.v'. Please regenerate to continue.
WARNING: [IP_Flow 19-3664] IP 'mb_block_i_hdmi_text_controller_0_0' generated file not found 'c:/Users/sapph/OneDrive/Documents/GitHub/ECE385-SP24/Lab7/Lab7.gen/sources_1/bd/mb_block_i/ip/mb_block_i_hdmi_text_controller_0_0/mb_block_i_hdmi_text_controller_0_0_stub.vhdl'. Please regenerate to continue.
WARNING: [IP_Flow 19-3664] IP 'mb_block_i_hdmi_text_controller_0_0' generated file not found 'c:/Users/sapph/OneDrive/Documents/GitHub/ECE385-SP24/Lab7/Lab7.gen/sources_1/bd/mb_block_i/ip/mb_block_i_hdmi_text_controller_0_0/mb_block_i_hdmi_text_controller_0_0_sim_netlist.v'. Please regenerate to continue.
WARNING: [IP_Flow 19-3664] IP 'mb_block_i_hdmi_text_controller_0_0' generated file not found 'c:/Users/sapph/OneDrive/Documents/GitHub/ECE385-SP24/Lab7/Lab7.gen/sources_1/bd/mb_block_i/ip/mb_block_i_hdmi_text_controller_0_0/mb_block_i_hdmi_text_controller_0_0_sim_netlist.vhdl'. Please regenerate to continue.
WARNING: [IP_Flow 19-3664] IP 'hdmi_tx_0' generated file not found 'c:/Users/sapph/OneDrive/Documents/GitHub/ECE385-SP24/Lab7/Lab7.gen/sources_1/bd/mb_block_i/ip/mb_block_i_hdmi_text_controller_0_0/src/hdmi_tx_0_1/hdl/encode.v'. Please regenerate to continue.
WARNING: [IP_Flow 19-3664] IP 'hdmi_tx_0' generated file not found 'c:/Users/sapph/OneDrive/Documents/GitHub/ECE385-SP24/Lab7/Lab7.gen/sources_1/bd/mb_block_i/ip/mb_block_i_hdmi_text_controller_0_0/src/hdmi_tx_0_1/hdl/serdes_10_to_1.v'. Please regenerate to continue.
WARNING: [IP_Flow 19-3664] IP 'hdmi_tx_0' generated file not found 'c:/Users/sapph/OneDrive/Documents/GitHub/ECE385-SP24/Lab7/Lab7.gen/sources_1/bd/mb_block_i/ip/mb_block_i_hdmi_text_controller_0_0/src/hdmi_tx_0_1/hdl/srldelay.v'. Please regenerate to continue.
WARNING: [IP_Flow 19-3664] IP 'hdmi_tx_0' generated file not found 'c:/Users/sapph/OneDrive/Documents/GitHub/ECE385-SP24/Lab7/Lab7.gen/sources_1/bd/mb_block_i/ip/mb_block_i_hdmi_text_controller_0_0/src/hdmi_tx_0_1/hdl/hdmi_tx_v1_0.v'. Please regenerate to continue.
WARNING: [IP_Flow 19-3664] IP 'hdmi_tx_0' generated file not found 'c:/Users/sapph/OneDrive/Documents/GitHub/ECE385-SP24/Lab7/Lab7.gen/sources_1/bd/mb_block_i/ip/mb_block_i_hdmi_text_controller_0_0/src/hdmi_tx_0_1/synth/hdmi_tx_0.v'. Please regenerate to continue.
WARNING: [IP_Flow 19-3664] IP 'hdmi_tx_0' generated file not found 'c:/Users/sapph/OneDrive/Documents/GitHub/ECE385-SP24/Lab7/Lab7.gen/sources_1/bd/mb_block_i/ip/mb_block_i_hdmi_text_controller_0_0/src/hdmi_tx_0_1/hdl/encode.v'. Please regenerate to continue.
WARNING: [IP_Flow 19-3664] IP 'hdmi_tx_0' generated file not found 'c:/Users/sapph/OneDrive/Documents/GitHub/ECE385-SP24/Lab7/Lab7.gen/sources_1/bd/mb_block_i/ip/mb_block_i_hdmi_text_controller_0_0/src/hdmi_tx_0_1/hdl/serdes_10_to_1.v'. Please regenerate to continue.
WARNING: [IP_Flow 19-3664] IP 'hdmi_tx_0' generated file not found 'c:/Users/sapph/OneDrive/Documents/GitHub/ECE385-SP24/Lab7/Lab7.gen/sources_1/bd/mb_block_i/ip/mb_block_i_hdmi_text_controller_0_0/src/hdmi_tx_0_1/hdl/srldelay.v'. Please regenerate to continue.
WARNING: [IP_Flow 19-3664] IP 'hdmi_tx_0' generated file not found 'c:/Users/sapph/OneDrive/Documents/GitHub/ECE385-SP24/Lab7/Lab7.gen/sources_1/bd/mb_block_i/ip/mb_block_i_hdmi_text_controller_0_0/src/hdmi_tx_0_1/hdl/hdmi_tx_v1_0.v'. Please regenerate to continue.
WARNING: [IP_Flow 19-3664] IP 'hdmi_tx_0' generated file not found 'c:/Users/sapph/OneDrive/Documents/GitHub/ECE385-SP24/Lab7/Lab7.gen/sources_1/bd/mb_block_i/ip/mb_block_i_hdmi_text_controller_0_0/src/hdmi_tx_0_1/sim/hdmi_tx_0.v'. Please regenerate to continue.
WARNING: [BD 41-1661] One or more IPs have been locked in the design 'mb_block_i.bd'. Please run report_ip_status for more details and recommendations on how to fix this issue.
List of locked IPs:
mb_block_i_hdmi_text_controller_0_0

WARNING: [IP_Flow 19-2162] IP 'hdmi_text_controller_0' is locked:
* IP definition 'hdmi_text_controller_v2.0 (2.0)' for IP 'hdmi_text_controller_0' (customized with software release 2022.2) has a different revision in the IP Catalog.
open_project: Time (s): cpu = 00:00:06 ; elapsed = 00:00:08 . Memory (MB): peak = 1201.953 ; gain = 259.469
reset_run mb_block_i_hdmi_text_controller_0_0_synth_1
reset_run synth_1
launch_runs synth_1 -jobs 8
INFO: [IP_Flow 19-6924] IPCACHE: Running cache check for IP inst: mb_block_i_hdmi_text_controller_0_0
WARNING: [Vivado 12-4802] The synthesis checkpoint for IP 'C:/Users/sapph/OneDrive/Documents/GitHub/ECE385-SP24/Lab7/Lab7.srcs/sources_1/bd/mb_block_i/ip/mb_block_i_hdmi_text_controller_0_0/mb_block_i_hdmi_text_controller_0_0.xci' is not generated and IP is locked. An out-of-context (OOC) run will be created and/or launched, but synthesis may not be able to complete or could result in incorrect behavior.
Please select 'Report IP Status' from the 'Tools/Report' menu or run Tcl command 'report_ip_status' for more information.
WARNING: [Project 1-576] IP 'C:/Users/sapph/OneDrive/Documents/GitHub/ECE385-SP24/Lab7/Lab7.srcs/sources_1/bd/mb_block_i/ip/mb_block_i_hdmi_text_controller_0_0/mb_block_i_hdmi_text_controller_0_0.xci' in run mb_block_i_hdmi_text_controller_0_0_synth_1 is locked, no out-of-context (OOC) run will be launched. The run may not be able to complete.
Please select 'Report IP Status' from 'Tools/Report' or run the Tcl command 'report_ip_status' for more information.
WARNING: [Project 1-576] IP 'C:/Users/sapph/OneDrive/Documents/GitHub/ECE385-SP24/Lab7/Lab7.srcs/sources_1/bd/mb_block_i/ip/mb_block_i_hdmi_text_controller_0_0/mb_block_i_hdmi_text_controller_0_0.xci' in run mb_block_i_hdmi_text_controller_0_0_synth_1 is locked, no out-of-context (OOC) run will be launched. The run may not be able to complete.
Please select 'Report IP Status' from 'Tools/Report' or run the Tcl command 'report_ip_status' for more information.
[Tue Apr  2 20:48:31 2024] Launched mb_block_i_hdmi_text_controller_0_0_synth_1...
Run output will be captured here: C:/Users/sapph/OneDrive/Documents/GitHub/ECE385-SP24/Lab7/Lab7.runs/mb_block_i_hdmi_text_controller_0_0_synth_1/runme.log
[Tue Apr  2 20:48:31 2024] Launched synth_1...
Run output will be captured here: C:/Users/sapph/OneDrive/Documents/GitHub/ECE385-SP24/Lab7/Lab7.runs/synth_1/runme.log
update_compile_order -fileset sources_1
open_bd_design {C:/Users/sapph/OneDrive/Documents/GitHub/ECE385-SP24/Lab7/Lab7.srcs/sources_1/bd/mb_block_i/mb_block_i.bd}
Reading block design file <C:/Users/sapph/OneDrive/Documents/GitHub/ECE385-SP24/Lab7/Lab7.srcs/sources_1/bd/mb_block_i/mb_block_i.bd>...
Adding component instance block -- xilinx.com:ip:microblaze:11.0 - microblaze_0
Adding component instance block -- xilinx.com:ip:lmb_v10:3.0 - dlmb_v10
Adding component instance block -- xilinx.com:ip:lmb_v10:3.0 - ilmb_v10
Adding component instance block -- xilinx.com:ip:lmb_bram_if_cntlr:4.0 - dlmb_bram_if_cntlr
Adding component instance block -- xilinx.com:ip:lmb_bram_if_cntlr:4.0 - ilmb_bram_if_cntlr
Adding component instance block -- xilinx.com:ip:blk_mem_gen:8.4 - lmb_bram
Adding component instance block -- xilinx.com:ip:axi_interconnect:2.1 - microblaze_0_axi_periph
Adding component instance block -- xilinx.com:ip:axi_crossbar:2.1 - xbar
Adding component instance block -- xilinx.com:ip:axi_intc:4.1 - microblaze_0_axi_intc
Adding component instance block -- xilinx.com:ip:mdm:3.2 - mdm_1
Adding component instance block -- xilinx.com:ip:clk_wiz:6.0 - clk_wiz_1
Adding component instance block -- xilinx.com:ip:proc_sys_reset:5.0 - rst_clk_wiz_1_100M
Adding component instance block -- xilinx.com:ip:axi_uartlite:2.0 - axi_uartlite_0
Adding component instance block -- xilinx.com:user:hdmi_text_controller:2.0 - hdmi_text_controller_0
Successfully read diagram <mb_block_i> from block design file <C:/Users/sapph/OneDrive/Documents/GitHub/ECE385-SP24/Lab7/Lab7.srcs/sources_1/bd/mb_block_i/mb_block_i.bd>
delete_bd_objs [get_bd_nets hdmi_text_controller_0_hdmi_tmds_clk_n] [get_bd_nets hdmi_text_controller_0_hdmi_tmds_clk_p] [get_bd_nets hdmi_text_controller_0_hdmi_tmds_data_n] [get_bd_nets hdmi_text_controller_0_hdmi_tmds_data_p] [get_bd_intf_nets microblaze_0_axi_periph_M01_AXI] [get_bd_cells hdmi_text_controller_0]
delete_bd_objs [get_bd_ports hdmi_tmds_data_p_0]
delete_bd_objs [get_bd_ports hdmi_tmds_data_n_0]
delete_bd_objs [get_bd_ports hdmi_tmds_clk_n_0]
delete_bd_objs [get_bd_ports hdmi_tmds_clk_p_0]
save_bd_design
Wrote  : <C:\Users\sapph\OneDrive\Documents\GitHub\ECE385-SP24\Lab7\Lab7.srcs\sources_1\bd\mb_block_i\mb_block_i.bd> 
Wrote  : <C:/Users/sapph/OneDrive/Documents/GitHub/ECE385-SP24/Lab7/Lab7.srcs/sources_1/bd/mb_block_i/ui/bd_913d8e4d.ui> 
export_ip_user_files -of_objects  [get_files C:/Users/sapph/OneDrive/Documents/GitHub/ECE385-SP24/Lab7/Lab7.srcs/sources_1/ip/hdmi_text_controller_0_3/hdmi_text_controller_0.xci] -no_script -reset -force -quiet
remove_files  -fileset hdmi_text_controller_0 C:/Users/sapph/OneDrive/Documents/GitHub/ECE385-SP24/Lab7/Lab7.srcs/sources_1/ip/hdmi_text_controller_0_3/hdmi_text_controller_0.xci
INFO: [Project 1-386] Moving file 'C:/Users/sapph/OneDrive/Documents/GitHub/ECE385-SP24/Lab7/Lab7.srcs/sources_1/ip/hdmi_text_controller_0_3/hdmi_text_controller_0.xci' from fileset 'hdmi_text_controller_0' to fileset 'sources_1'.
file delete -force C:/Users/sapph/OneDrive/Documents/GitHub/ECE385-SP24/Lab7/Lab7.srcs/sources_1/ip/hdmi_text_controller_0_3
file delete -force c:/Users/sapph/OneDrive/Documents/GitHub/ECE385-SP24/Lab7/Lab7.gen/sources_1/ip/hdmi_text_controller_0_3
startgroup
create_bd_cell -type ip -vlnv xilinx.com:user:hdmi_text_controller:2.0 hdmi_text_controller_0
endgroup
apply_bd_automation -rule xilinx.com:bd_rule:axi4 -config { Clk_master {/clk_wiz_1/clk_out1 (100 MHz)} Clk_slave {Auto} Clk_xbar {/clk_wiz_1/clk_out1 (100 MHz)} Master {/microblaze_0 (Periph)} Slave {/hdmi_text_controller_0/AXI} ddr_seg {Auto} intc_ip {/microblaze_0_axi_periph} master_apm {0}}  [get_bd_intf_pins hdmi_text_controller_0/AXI]
Slave segment '/hdmi_text_controller_0/AXI/AXI_reg' is being assigned into address space '/microblaze_0/Data' at <0x44A0_0000 [ 64K ]>.
set_property location {3.5 1513 71} [get_bd_cells hdmi_text_controller_0]
set_property location {4 1452 -29} [get_bd_cells hdmi_text_controller_0]
startgroup
make_bd_pins_external  [get_bd_pins hdmi_text_controller_0/hdmi_tmds_clk_n]
WARNING: [BD 41-1306] The connection to interface pin </hdmi_text_controller_0/hdmi_tmds_clk_n> is being overridden by the user with net <hdmi_text_controller_0_hdmi_tmds_clk_n>. This pin will not be connected as a part of interface connection <HDMI>.
endgroup
startgroup
make_bd_pins_external  [get_bd_pins hdmi_text_controller_0/hdmi_tmds_data_n]
WARNING: [BD 41-1306] The connection to interface pin </hdmi_text_controller_0/hdmi_tmds_data_n> is being overridden by the user with net <hdmi_text_controller_0_hdmi_tmds_data_n>. This pin will not be connected as a part of interface connection <HDMI>.
endgroup
startgroup
make_bd_pins_external  [get_bd_pins hdmi_text_controller_0/hdmi_tmds_data_p]
WARNING: [BD 41-1306] The connection to interface pin </hdmi_text_controller_0/hdmi_tmds_data_p> is being overridden by the user with net <hdmi_text_controller_0_hdmi_tmds_data_p>. This pin will not be connected as a part of interface connection <HDMI>.
endgroup
startgroup
make_bd_pins_external  [get_bd_pins hdmi_text_controller_0/hdmi_tmds_clk_p]
WARNING: [BD 41-1306] The connection to interface pin </hdmi_text_controller_0/hdmi_tmds_clk_p> is being overridden by the user with net <hdmi_text_controller_0_hdmi_tmds_clk_p>. This pin will not be connected as a part of interface connection <HDMI>.
endgroup
save_bd_design
Wrote  : <C:\Users\sapph\OneDrive\Documents\GitHub\ECE385-SP24\Lab7\Lab7.srcs\sources_1\bd\mb_block_i\mb_block_i.bd> 
Wrote  : <C:/Users/sapph/OneDrive/Documents/GitHub/ECE385-SP24/Lab7/Lab7.srcs/sources_1/bd/mb_block_i/ui/bd_913d8e4d.ui> 
close_bd_design [get_bd_designs mb_block_i]
reset_run synth_1
launch_runs synth_1 -jobs 8
WARNING: [filemgmt 56-443] The ECC Algorithm string is empty. Setting the Memory Map to default ECC value to ECC_NONE.
WARNING: [filemgmt 56-443] The ECC Algorithm string is empty. Setting the Memory Map to default ECC value to ECC_NONE.
INFO: [xilinx.com:ip:clk_wiz:6.0-1] /clk_wiz_1 clk_wiz propagate
INFO: [xilinx.com:ip:axi_intc:4.1-1] /microblaze_0_axi_intc: The AXI INTC core has been configured to operate with synchronous clocks.
Wrote  : <C:\Users\sapph\OneDrive\Documents\GitHub\ECE385-SP24\Lab7\Lab7.srcs\sources_1\bd\mb_block_i\mb_block_i.bd> 
Verilog Output written to : c:/Users/sapph/OneDrive/Documents/GitHub/ECE385-SP24/Lab7/Lab7.gen/sources_1/bd/mb_block_i/synth/mb_block_i.v
Verilog Output written to : c:/Users/sapph/OneDrive/Documents/GitHub/ECE385-SP24/Lab7/Lab7.gen/sources_1/bd/mb_block_i/sim/mb_block_i.v
Verilog Output written to : c:/Users/sapph/OneDrive/Documents/GitHub/ECE385-SP24/Lab7/Lab7.gen/sources_1/bd/mb_block_i/hdl/mb_block_i_wrapper.v
INFO: [BD 41-1029] Generation completed for the IP Integrator block hdmi_text_controller_0 .
Exporting to file c:/Users/sapph/OneDrive/Documents/GitHub/ECE385-SP24/Lab7/Lab7.gen/sources_1/bd/mb_block_i/hw_handoff/mb_block_i.hwh
Generated Hardware Definition File c:/Users/sapph/OneDrive/Documents/GitHub/ECE385-SP24/Lab7/Lab7.gen/sources_1/bd/mb_block_i/synth/mb_block_i.hwdef
INFO: [IP_Flow 19-6924] IPCACHE: Running cache check for IP inst: mb_block_i_hdmi_text_controller_0_1
[Tue Apr  2 20:50:37 2024] Launched mb_block_i_hdmi_text_controller_0_1_synth_1...
Run output will be captured here: C:/Users/sapph/OneDrive/Documents/GitHub/ECE385-SP24/Lab7/Lab7.runs/mb_block_i_hdmi_text_controller_0_1_synth_1/runme.log
[Tue Apr  2 20:50:37 2024] Launched synth_1...
Run output will be captured here: C:/Users/sapph/OneDrive/Documents/GitHub/ECE385-SP24/Lab7/Lab7.runs/synth_1/runme.log
launch_runs: Time (s): cpu = 00:00:05 ; elapsed = 00:00:11 . Memory (MB): peak = 1913.719 ; gain = 392.430
exit
INFO: [Common 17-206] Exiting Vivado at Tue Apr  2 20:56:28 2024...
